line profiling: sample.interval=20000
"lazyLoadDBfetch" 
"socketConnection" "newPSOCKnode" "makePSOCKcluster" "makeCluster" "bayesian_lalonde_decision" 
"search" "which" ".rs.detachConflicts" "unserialize" "recvData.SOCKnode" "recvData" "FUN" "lapply" "checkForRemoteErrors" "clusterCall" "clusterExport" "bayesian_lalonde_decision" 
"as.list.default" "as.list" "lapply" "unlist" "getsyms" "FUN" "lapply" "unlist" "getsyms" "FUN" "lapply" "unlist" "getsyms" "FUN" "lapply" "unlist" "getsyms" "FUN" "lapply" "unlist" "getsyms" "getexports" "e$fun" "%dopar%" "bayesian_lalonde_decision" 
"%in%" "findLocals1" "lapply" "FUN" "lapply" "findLocalsList1" "findLocalsList" "findLocals" "as.vector" "union" "addCenvVars" "compiler::compile" "comp" "e$fun" "%dopar%" "bayesian_lalonde_decision" 
"%in%" "findLocals1" "lapply" "FUN" "lapply" "findLocalsList1" "findLocalsList" "findLocals" "as.vector" "union" "addCenvVars" "compiler::compile" "comp" "e$fun" "%dopar%" "bayesian_lalonde_decision" 
"%in%" "findLocals1" "lapply" "FUN" "lapply" "findLocalsList1" "findLocalsList" "findLocals" "as.vector" "union" "addCenvVars" "compiler::compile" "comp" "e$fun" "%dopar%" "bayesian_lalonde_decision" 
"%in%" "findLocals1" "lapply" "FUN" "lapply" "findLocalsList1" "findLocalsList" "findLocals" "as.vector" "union" "addCenvVars" "compiler::compile" "comp" "e$fun" "%dopar%" "bayesian_lalonde_decision" 
"h" "tryInline" "cmpCall" "cmp" "cmpBuiltinArgs" "h" "tryInline" "cmpCall" "cmp" "cmpSymbolAssign" "h" "tryInline" "cmpCall" "cmp" "h" "tryInline" "cmpCall" "cmp" "genCode" "compiler::compile" "comp" "e$fun" "%dopar%" "bayesian_lalonde_decision" 
"serialize" "sendData.SOCKnode" "sendData" "postNode" "sendCall" "clusterCall" "e$fun" "%dopar%" "bayesian_lalonde_decision" 
"length" "doTryCatch" "tryCatchOne" "tryCatchList" "tryCatch" "nextElem.iforeach" "nextElem" "doTryCatch" "tryCatchOne" "tryCatchList" "tryCatch" "as.list.iter" "as.list" "e$fun" "%dopar%" "bayesian_lalonde_decision" 
"doTryCatch" "tryCatchOne" "tryCatchList" "tryCatch" "nextElem.iforeach" "nextElem" "doTryCatch" "tryCatchOne" "tryCatchList" "tryCatch" "as.list.iter" "as.list" "e$fun" "%dopar%" "bayesian_lalonde_decision" 
"doTryCatch" "tryCatchOne" "tryCatchList" "tryCatch" "nextElem.containeriter" "FUN" "lapply" "doTryCatch" "tryCatchOne" "tryCatchList" "tryCatch" "nextElem.iforeach" "nextElem" "doTryCatch" "tryCatchOne" "tryCatchList" "tryCatch" "as.list.iter" "as.list" "e$fun" "%dopar%" "bayesian_lalonde_decision" 
"getIterVal.containeriter" "getIterVal" "doTryCatch" "tryCatchOne" "tryCatchList" "tryCatch" "nextElem.containeriter" "FUN" "lapply" "doTryCatch" "tryCatchOne" "tryCatchList" "tryCatch" "nextElem.iforeach" "nextElem" "doTryCatch" "tryCatchOne" "tryCatchList" "tryCatch" "as.list.iter" "as.list" "e$fun" "%dopar%" "bayesian_lalonde_decision" 
"getIterVal.containeriter" "getIterVal" "doTryCatch" "tryCatchOne" "tryCatchList" "tryCatch" "nextElem.containeriter" "FUN" "lapply" "doTryCatch" "tryCatchOne" "tryCatchList" "tryCatch" "nextElem.iforeach" "nextElem" "doTryCatch" "tryCatchOne" "tryCatchList" "tryCatch" "as.list.iter" "as.list" "e$fun" "%dopar%" "bayesian_lalonde_decision" 
"tryCatchOne" "tryCatchList" "tryCatch" "nextElem.containeriter" "FUN" "lapply" "doTryCatch" "tryCatchOne" "tryCatchList" "tryCatch" "nextElem.iforeach" "nextElem" "doTryCatch" "tryCatchOne" "tryCatchList" "tryCatch" "as.list.iter" "as.list" "e$fun" "%dopar%" "bayesian_lalonde_decision" 
"doTryCatch" "tryCatchOne" "tryCatchList" "tryCatch" "nextElem.containeriter" "FUN" "lapply" "doTryCatch" "tryCatchOne" "tryCatchList" "tryCatch" "nextElem.iforeach" "nextElem" "doTryCatch" "tryCatchOne" "tryCatchList" "tryCatch" "as.list.iter" "as.list" "e$fun" "%dopar%" "bayesian_lalonde_decision" 
"$<-" "doTryCatch" "tryCatchOne" "tryCatchList" "tryCatch" "nextElem.containeriter" "FUN" "lapply" "doTryCatch" "tryCatchOne" "tryCatchList" "tryCatch" "nextElem.iforeach" "nextElem" "doTryCatch" "tryCatchOne" "tryCatchList" "tryCatch" "as.list.iter" "as.list" "e$fun" "%dopar%" "bayesian_lalonde_decision" 
"length" "tryCatch" "nextElem.containeriter" "FUN" "lapply" "doTryCatch" "tryCatchOne" "tryCatchList" "tryCatch" "nextElem.iforeach" "nextElem" "doTryCatch" "tryCatchOne" "tryCatchList" "tryCatch" "as.list.iter" "as.list" "e$fun" "%dopar%" "bayesian_lalonde_decision" 
"doTryCatch" "tryCatchOne" "tryCatchList" "tryCatch" "nextElem.containeriter" "FUN" "lapply" "doTryCatch" "tryCatchOne" "tryCatchList" "tryCatch" "nextElem.iforeach" "nextElem" "doTryCatch" "tryCatchOne" "tryCatchList" "tryCatch" "as.list.iter" "as.list" "e$fun" "%dopar%" "bayesian_lalonde_decision" 
"lapply" "doTryCatch" "tryCatchOne" "tryCatchList" "tryCatch" "nextElem.iforeach" "nextElem" "doTryCatch" "tryCatchOne" "tryCatchList" "tryCatch" "as.list.iter" "as.list" "e$fun" "%dopar%" "bayesian_lalonde_decision" 
"which" "doTryCatch" "tryCatchOne" "tryCatchList" "tryCatch" "nextElem.iforeach" "nextElem" "doTryCatch" "tryCatchOne" "tryCatchList" "tryCatch" "as.list.iter" "as.list" "e$fun" "%dopar%" "bayesian_lalonde_decision" 
"which" "doTryCatch" "tryCatchOne" "tryCatchList" "tryCatch" "nextElem.iforeach" "nextElem" "doTryCatch" "tryCatchOne" "tryCatchList" "tryCatch" "as.list.iter" "as.list" "e$fun" "%dopar%" "bayesian_lalonde_decision" 
"$" "lapply" "doTryCatch" "tryCatchOne" "tryCatchList" "tryCatch" "nextElem.iforeach" "nextElem" "doTryCatch" "tryCatchOne" "tryCatchList" "tryCatch" "as.list.iter" "as.list" "e$fun" "%dopar%" "bayesian_lalonde_decision" 
"$" "FUN" "lapply" "recvOneData.SOCKcluster" "recvOneData" "recvOneResult" "dynamicClusterApply" "clusterApplyLB" "e$fun" "%dopar%" "bayesian_lalonde_decision" 
"serialize" "sendData.SOCKnode" "sendData" "postNode" "sendCall" "submit" "dynamicClusterApply" "clusterApplyLB" "e$fun" "%dopar%" "bayesian_lalonde_decision" 
"serialize" "sendData.SOCKnode" "sendData" "postNode" "sendCall" "submit" "dynamicClusterApply" "clusterApplyLB" "e$fun" "%dopar%" "bayesian_lalonde_decision" 
"serialize" "sendData.SOCKnode" "sendData" "postNode" "sendCall" "submit" "dynamicClusterApply" "clusterApplyLB" "e$fun" "%dopar%" "bayesian_lalonde_decision" 
"serialize" "sendData.SOCKnode" "sendData" "postNode" "sendCall" "submit" "dynamicClusterApply" "clusterApplyLB" "e$fun" "%dopar%" "bayesian_lalonde_decision" 
"unserialize" "recvOneData.SOCKcluster" "recvOneData" "recvOneResult" "dynamicClusterApply" "clusterApplyLB" "e$fun" "%dopar%" "bayesian_lalonde_decision" 
"unserialize" "recvOneData.SOCKcluster" "recvOneData" "recvOneResult" "dynamicClusterApply" "clusterApplyLB" "e$fun" "%dopar%" "bayesian_lalonde_decision" 
"serialize" "sendData.SOCKnode" "sendData" "postNode" "sendCall" "submit" "dynamicClusterApply" "clusterApplyLB" "e$fun" "%dopar%" "bayesian_lalonde_decision" 
"serialize" "sendData.SOCKnode" "sendData" "postNode" "sendCall" "submit" "dynamicClusterApply" "clusterApplyLB" "e$fun" "%dopar%" "bayesian_lalonde_decision" 
"socketSelect" "recvOneData.SOCKcluster" "recvOneData" "recvOneResult" "dynamicClusterApply" "clusterApplyLB" "e$fun" "%dopar%" "bayesian_lalonde_decision" 
"serialize" "sendData.SOCKnode" "sendData" "postNode" "sendCall" "submit" "dynamicClusterApply" "clusterApplyLB" "e$fun" "%dopar%" "bayesian_lalonde_decision" 
"serialize" "sendData.SOCKnode" "sendData" "postNode" "sendCall" "submit" "dynamicClusterApply" "clusterApplyLB" "e$fun" "%dopar%" "bayesian_lalonde_decision" 
"serialize" "sendData.SOCKnode" "sendData" "postNode" "sendCall" "submit" "dynamicClusterApply" "clusterApplyLB" "e$fun" "%dopar%" "bayesian_lalonde_decision" 
"lapply" "recvOneData.SOCKcluster" "recvOneData" "recvOneResult" "dynamicClusterApply" "clusterApplyLB" "e$fun" "%dopar%" "bayesian_lalonde_decision" 
"lapply" "recvOneData.SOCKcluster" "recvOneData" "recvOneResult" "dynamicClusterApply" "clusterApplyLB" "e$fun" "%dopar%" "bayesian_lalonde_decision" 
"serialize" "sendData.SOCKnode" "sendData" "postNode" "sendCall" "submit" "dynamicClusterApply" "clusterApplyLB" "e$fun" "%dopar%" "bayesian_lalonde_decision" 
"socketSelect" "recvOneData.SOCKcluster" "recvOneData" "recvOneResult" "dynamicClusterApply" "clusterApplyLB" "e$fun" "%dopar%" "bayesian_lalonde_decision" 
"socketSelect" "recvOneData.SOCKcluster" "recvOneData" "recvOneResult" "dynamicClusterApply" "clusterApplyLB" "e$fun" "%dopar%" "bayesian_lalonde_decision" 
"serialize" "sendData.SOCKnode" "sendData" "postNode" "sendCall" "submit" "dynamicClusterApply" "clusterApplyLB" "e$fun" "%dopar%" "bayesian_lalonde_decision" 
"serialize" "sendData.SOCKnode" "sendData" "postNode" "sendCall" "submit" "dynamicClusterApply" "clusterApplyLB" "e$fun" "%dopar%" "bayesian_lalonde_decision" 
"unserialize" "recvOneData.SOCKcluster" "recvOneData" "recvOneResult" "dynamicClusterApply" "clusterApplyLB" "e$fun" "%dopar%" "bayesian_lalonde_decision" 
"unserialize" "recvOneData.SOCKcluster" "recvOneData" "recvOneResult" "dynamicClusterApply" "clusterApplyLB" "e$fun" "%dopar%" "bayesian_lalonde_decision" 
"socketSelect" "recvOneData.SOCKcluster" "recvOneData" "recvOneResult" "dynamicClusterApply" "clusterApplyLB" "e$fun" "%dopar%" "bayesian_lalonde_decision" 
"serialize" "sendData.SOCKnode" "sendData" "postNode" "sendCall" "submit" "dynamicClusterApply" "clusterApplyLB" "e$fun" "%dopar%" "bayesian_lalonde_decision" 
"serialize" "sendData.SOCKnode" "sendData" "postNode" "sendCall" "submit" "dynamicClusterApply" "clusterApplyLB" "e$fun" "%dopar%" "bayesian_lalonde_decision" 
"socketSelect" "recvOneData.SOCKcluster" "recvOneData" "recvOneResult" "dynamicClusterApply" "clusterApplyLB" "e$fun" "%dopar%" "bayesian_lalonde_decision" 
"unserialize" "recvOneData.SOCKcluster" "recvOneData" "recvOneResult" "dynamicClusterApply" "clusterApplyLB" "e$fun" "%dopar%" "bayesian_lalonde_decision" 
"serialize" "sendData.SOCKnode" "sendData" "postNode" "sendCall" "submit" "dynamicClusterApply" "clusterApplyLB" "e$fun" "%dopar%" "bayesian_lalonde_decision" 
"socketSelect" "recvOneData.SOCKcluster" "recvOneData" "recvOneResult" "dynamicClusterApply" "clusterApplyLB" "e$fun" "%dopar%" "bayesian_lalonde_decision" 
"socketSelect" "recvOneData.SOCKcluster" "recvOneData" "recvOneResult" "dynamicClusterApply" "clusterApplyLB" "e$fun" "%dopar%" "bayesian_lalonde_decision" 
"unserialize" "recvOneData.SOCKcluster" "recvOneData" "recvOneResult" "dynamicClusterApply" "clusterApplyLB" "e$fun" "%dopar%" "bayesian_lalonde_decision" 
"serialize" "sendData.SOCKnode" "sendData" "postNode" "sendCall" "submit" "dynamicClusterApply" "clusterApplyLB" "e$fun" "%dopar%" "bayesian_lalonde_decision" 
"serialize" "sendData.SOCKnode" "sendData" "postNode" "sendCall" "submit" "dynamicClusterApply" "clusterApplyLB" "e$fun" "%dopar%" "bayesian_lalonde_decision" 
"sendData" "postNode" "sendCall" "submit" "dynamicClusterApply" "clusterApplyLB" "e$fun" "%dopar%" "bayesian_lalonde_decision" 
"unserialize" "recvOneData.SOCKcluster" "recvOneData" "recvOneResult" "dynamicClusterApply" "clusterApplyLB" "e$fun" "%dopar%" "bayesian_lalonde_decision" 
"socketSelect" "recvOneData.SOCKcluster" "recvOneData" "recvOneResult" "dynamicClusterApply" "clusterApplyLB" "e$fun" "%dopar%" "bayesian_lalonde_decision" 
"serialize" "sendData.SOCKnode" "sendData" "postNode" "sendCall" "submit" "dynamicClusterApply" "clusterApplyLB" "e$fun" "%dopar%" "bayesian_lalonde_decision" 
"serialize" "sendData.SOCKnode" "sendData" "postNode" "sendCall" "submit" "dynamicClusterApply" "clusterApplyLB" "e$fun" "%dopar%" "bayesian_lalonde_decision" 
"serialize" "sendData.SOCKnode" "sendData" "postNode" "sendCall" "submit" "dynamicClusterApply" "clusterApplyLB" "e$fun" "%dopar%" "bayesian_lalonde_decision" 
"serialize" "sendData.SOCKnode" "sendData" "postNode" "sendCall" "submit" "dynamicClusterApply" "clusterApplyLB" "e$fun" "%dopar%" "bayesian_lalonde_decision" 
"socketSelect" "recvOneData.SOCKcluster" "recvOneData" "recvOneResult" "dynamicClusterApply" "clusterApplyLB" "e$fun" "%dopar%" "bayesian_lalonde_decision" 
"serialize" "sendData.SOCKnode" "sendData" "postNode" "sendCall" "submit" "dynamicClusterApply" "clusterApplyLB" "e$fun" "%dopar%" "bayesian_lalonde_decision" 
"unserialize" "recvOneData.SOCKcluster" "recvOneData" "recvOneResult" "dynamicClusterApply" "clusterApplyLB" "e$fun" "%dopar%" "bayesian_lalonde_decision" 
"socketSelect" "recvOneData.SOCKcluster" "recvOneData" "recvOneResult" "dynamicClusterApply" "clusterApplyLB" "e$fun" "%dopar%" "bayesian_lalonde_decision" 
"socketSelect" "recvOneData.SOCKcluster" "recvOneData" "recvOneResult" "dynamicClusterApply" "clusterApplyLB" "e$fun" "%dopar%" "bayesian_lalonde_decision" 
"serialize" "sendData.SOCKnode" "sendData" "postNode" "sendCall" "submit" "dynamicClusterApply" "clusterApplyLB" "e$fun" "%dopar%" "bayesian_lalonde_decision" 
"recvOneData" "recvOneResult" "dynamicClusterApply" "clusterApplyLB" "e$fun" "%dopar%" "bayesian_lalonde_decision" 
"serialize" "sendData.SOCKnode" "sendData" "postNode" "sendCall" "submit" "dynamicClusterApply" "clusterApplyLB" "e$fun" "%dopar%" "bayesian_lalonde_decision" 
"serialize" "sendData.SOCKnode" "sendData" "postNode" "sendCall" "submit" "dynamicClusterApply" "clusterApplyLB" "e$fun" "%dopar%" "bayesian_lalonde_decision" 
"recvOneData" "recvOneResult" "dynamicClusterApply" "clusterApplyLB" "e$fun" "%dopar%" "bayesian_lalonde_decision" 
"socketSelect" "recvOneData.SOCKcluster" "recvOneData" "recvOneResult" "dynamicClusterApply" "clusterApplyLB" "e$fun" "%dopar%" "bayesian_lalonde_decision" 
"socketSelect" "recvOneData.SOCKcluster" "recvOneData" "recvOneResult" "dynamicClusterApply" "clusterApplyLB" "e$fun" "%dopar%" "bayesian_lalonde_decision" 
"unserialize" "recvOneData.SOCKcluster" "recvOneData" "recvOneResult" "dynamicClusterApply" "clusterApplyLB" "e$fun" "%dopar%" "bayesian_lalonde_decision" 
"socketSelect" "recvOneData.SOCKcluster" "recvOneData" "recvOneResult" "dynamicClusterApply" "clusterApplyLB" "e$fun" "%dopar%" "bayesian_lalonde_decision" 
"socketSelect" "recvOneData.SOCKcluster" "recvOneData" "recvOneResult" "dynamicClusterApply" "clusterApplyLB" "e$fun" "%dopar%" "bayesian_lalonde_decision" 
"serialize" "sendData.SOCKnode" "sendData" "postNode" "sendCall" "submit" "dynamicClusterApply" "clusterApplyLB" "e$fun" "%dopar%" "bayesian_lalonde_decision" 
"serialize" "sendData.SOCKnode" "sendData" "postNode" "sendCall" "submit" "dynamicClusterApply" "clusterApplyLB" "e$fun" "%dopar%" "bayesian_lalonde_decision" 
"serialize" "sendData.SOCKnode" "sendData" "postNode" "sendCall" "submit" "dynamicClusterApply" "clusterApplyLB" "e$fun" "%dopar%" "bayesian_lalonde_decision" 
"unserialize" "recvOneData.SOCKcluster" "recvOneData" "recvOneResult" "dynamicClusterApply" "clusterApplyLB" "e$fun" "%dopar%" "bayesian_lalonde_decision" 
"summary.connection" "summary" "serialize" "sendData.SOCKnode" "sendData" "postNode" "sendCall" "submit" "dynamicClusterApply" "clusterApplyLB" "e$fun" "%dopar%" "bayesian_lalonde_decision" 
"serialize" "sendData.SOCKnode" "sendData" "postNode" "sendCall" "submit" "dynamicClusterApply" "clusterApplyLB" "e$fun" "%dopar%" "bayesian_lalonde_decision" 
"serialize" "sendData.SOCKnode" "sendData" "postNode" "sendCall" "submit" "dynamicClusterApply" "clusterApplyLB" "e$fun" "%dopar%" "bayesian_lalonde_decision" 
"serialize" "sendData.SOCKnode" "sendData" "postNode" "sendCall" "submit" "dynamicClusterApply" "clusterApplyLB" "e$fun" "%dopar%" "bayesian_lalonde_decision" 
"socketSelect" "recvOneData.SOCKcluster" "recvOneData" "recvOneResult" "dynamicClusterApply" "clusterApplyLB" "e$fun" "%dopar%" "bayesian_lalonde_decision" 
"unserialize" "recvOneData.SOCKcluster" "recvOneData" "recvOneResult" "dynamicClusterApply" "clusterApplyLB" "e$fun" "%dopar%" "bayesian_lalonde_decision" 
"serialize" "sendData.SOCKnode" "sendData" "postNode" "sendCall" "submit" "dynamicClusterApply" "clusterApplyLB" "e$fun" "%dopar%" "bayesian_lalonde_decision" 
"[[" "lapply" "recvOneData.SOCKcluster" "recvOneData" "recvOneResult" "dynamicClusterApply" "clusterApplyLB" "e$fun" "%dopar%" "bayesian_lalonde_decision" 
"unserialize" "recvOneData.SOCKcluster" "recvOneData" "recvOneResult" "dynamicClusterApply" "clusterApplyLB" "e$fun" "%dopar%" "bayesian_lalonde_decision" 
"serialize" "sendData.SOCKnode" "sendData" "postNode" "sendCall" "submit" "dynamicClusterApply" "clusterApplyLB" "e$fun" "%dopar%" "bayesian_lalonde_decision" 
"serialize" "sendData.SOCKnode" "sendData" "postNode" "sendCall" "submit" "dynamicClusterApply" "clusterApplyLB" "e$fun" "%dopar%" "bayesian_lalonde_decision" 
"socketSelect" "recvOneData.SOCKcluster" "recvOneData" "recvOneResult" "dynamicClusterApply" "clusterApplyLB" "e$fun" "%dopar%" "bayesian_lalonde_decision" 
"unserialize" "recvOneData.SOCKcluster" "recvOneData" "recvOneResult" "dynamicClusterApply" "clusterApplyLB" "e$fun" "%dopar%" "bayesian_lalonde_decision" 
"unserialize" "recvOneData.SOCKcluster" "recvOneData" "recvOneResult" "dynamicClusterApply" "clusterApplyLB" "e$fun" "%dopar%" "bayesian_lalonde_decision" 
"socketSelect" "recvOneData.SOCKcluster" "recvOneData" "recvOneResult" "dynamicClusterApply" "clusterApplyLB" "e$fun" "%dopar%" "bayesian_lalonde_decision" 
"socketSelect" "recvOneData.SOCKcluster" "recvOneData" "recvOneResult" "dynamicClusterApply" "clusterApplyLB" "e$fun" "%dopar%" "bayesian_lalonde_decision" 
"socketSelect" "recvOneData.SOCKcluster" "recvOneData" "recvOneResult" "dynamicClusterApply" "clusterApplyLB" "e$fun" "%dopar%" "bayesian_lalonde_decision" 
"unserialize" "recvOneData.SOCKcluster" "recvOneData" "recvOneResult" "dynamicClusterApply" "clusterApplyLB" "e$fun" "%dopar%" "bayesian_lalonde_decision" 
"socketSelect" "recvOneData.SOCKcluster" "recvOneData" "recvOneResult" "dynamicClusterApply" "clusterApplyLB" "e$fun" "%dopar%" "bayesian_lalonde_decision" 
"socketSelect" "recvOneData.SOCKcluster" "recvOneData" "recvOneResult" "dynamicClusterApply" "clusterApplyLB" "e$fun" "%dopar%" "bayesian_lalonde_decision" 
"serialize" "sendData.SOCKnode" "sendData" "postNode" "sendCall" "submit" "dynamicClusterApply" "clusterApplyLB" "e$fun" "%dopar%" "bayesian_lalonde_decision" 
"unserialize" "recvOneData.SOCKcluster" "recvOneData" "recvOneResult" "dynamicClusterApply" "clusterApplyLB" "e$fun" "%dopar%" "bayesian_lalonde_decision" 
"socketSelect" "recvOneData.SOCKcluster" "recvOneData" "recvOneResult" "dynamicClusterApply" "clusterApplyLB" "e$fun" "%dopar%" "bayesian_lalonde_decision" 
"serialize" "sendData.SOCKnode" "sendData" "postNode" "sendCall" "submit" "dynamicClusterApply" "clusterApplyLB" "e$fun" "%dopar%" "bayesian_lalonde_decision" 
"unserialize" "recvOneData.SOCKcluster" "recvOneData" "recvOneResult" "dynamicClusterApply" "clusterApplyLB" "e$fun" "%dopar%" "bayesian_lalonde_decision" 
"serialize" "sendData.SOCKnode" "sendData" "postNode" "sendCall" "submit" "dynamicClusterApply" "clusterApplyLB" "e$fun" "%dopar%" "bayesian_lalonde_decision" 
"serialize" "sendData.SOCKnode" "sendData" "postNode" "sendCall" "submit" "dynamicClusterApply" "clusterApplyLB" "e$fun" "%dopar%" "bayesian_lalonde_decision" 
"socketSelect" "recvOneData.SOCKcluster" "recvOneData" "recvOneResult" "dynamicClusterApply" "clusterApplyLB" "e$fun" "%dopar%" "bayesian_lalonde_decision" 
"socketSelect" "recvOneData.SOCKcluster" "recvOneData" "recvOneResult" "dynamicClusterApply" "clusterApplyLB" "e$fun" "%dopar%" "bayesian_lalonde_decision" 
"socketSelect" "recvOneData.SOCKcluster" "recvOneData" "recvOneResult" "dynamicClusterApply" "clusterApplyLB" "e$fun" "%dopar%" "bayesian_lalonde_decision" 
"unserialize" "recvOneData.SOCKcluster" "recvOneData" "recvOneResult" "dynamicClusterApply" "clusterApplyLB" "e$fun" "%dopar%" "bayesian_lalonde_decision" 
"serialize" "sendData.SOCKnode" "sendData" "postNode" "sendCall" "submit" "dynamicClusterApply" "clusterApplyLB" "e$fun" "%dopar%" "bayesian_lalonde_decision" 
"socketSelect" "recvOneData.SOCKcluster" "recvOneData" "recvOneResult" "dynamicClusterApply" "clusterApplyLB" "e$fun" "%dopar%" "bayesian_lalonde_decision" 
"serialize" "sendData.SOCKnode" "sendData" "postNode" "sendCall" "submit" "dynamicClusterApply" "clusterApplyLB" "e$fun" "%dopar%" "bayesian_lalonde_decision" 
"unserialize" "recvOneData.SOCKcluster" "recvOneData" "recvOneResult" "dynamicClusterApply" "clusterApplyLB" "e$fun" "%dopar%" "bayesian_lalonde_decision" 
"serialize" "sendData.SOCKnode" "sendData" "postNode" "sendCall" "submit" "dynamicClusterApply" "clusterApplyLB" "e$fun" "%dopar%" "bayesian_lalonde_decision" 
"socketSelect" "recvOneData.SOCKcluster" "recvOneData" "recvOneResult" "dynamicClusterApply" "clusterApplyLB" "e$fun" "%dopar%" "bayesian_lalonde_decision" 
"serialize" "sendData.SOCKnode" "sendData" "postNode" "sendCall" "submit" "dynamicClusterApply" "clusterApplyLB" "e$fun" "%dopar%" "bayesian_lalonde_decision" 
"socketSelect" "recvOneData.SOCKcluster" "recvOneData" "recvOneResult" "dynamicClusterApply" "clusterApplyLB" "e$fun" "%dopar%" "bayesian_lalonde_decision" 
"serialize" "sendData.SOCKnode" "sendData" "postNode" "sendCall" "submit" "dynamicClusterApply" "clusterApplyLB" "e$fun" "%dopar%" "bayesian_lalonde_decision" 
"socketSelect" "recvOneData.SOCKcluster" "recvOneData" "recvOneResult" "dynamicClusterApply" "clusterApplyLB" "e$fun" "%dopar%" "bayesian_lalonde_decision" 
"socketSelect" "recvOneData.SOCKcluster" "recvOneData" "recvOneResult" "dynamicClusterApply" "clusterApplyLB" "e$fun" "%dopar%" "bayesian_lalonde_decision" 
"serialize" "sendData.SOCKnode" "sendData" "postNode" "sendCall" "submit" "dynamicClusterApply" "clusterApplyLB" "e$fun" "%dopar%" "bayesian_lalonde_decision" 
"serialize" "sendData.SOCKnode" "sendData" "postNode" "sendCall" "submit" "dynamicClusterApply" "clusterApplyLB" "e$fun" "%dopar%" "bayesian_lalonde_decision" 
"lapply" "recvOneData.SOCKcluster" "recvOneData" "recvOneResult" "dynamicClusterApply" "clusterApplyLB" "e$fun" "%dopar%" "bayesian_lalonde_decision" 
"lapply" "recvOneData.SOCKcluster" "recvOneData" "recvOneResult" "dynamicClusterApply" "clusterApplyLB" "e$fun" "%dopar%" "bayesian_lalonde_decision" 
"unserialize" "recvOneData.SOCKcluster" "recvOneData" "recvOneResult" "dynamicClusterApply" "clusterApplyLB" "e$fun" "%dopar%" "bayesian_lalonde_decision" 
"unserialize" "recvOneData.SOCKcluster" "recvOneData" "recvOneResult" "dynamicClusterApply" "clusterApplyLB" "e$fun" "%dopar%" "bayesian_lalonde_decision" 
"serialize" "sendData.SOCKnode" "sendData" "postNode" "sendCall" "submit" "dynamicClusterApply" "clusterApplyLB" "e$fun" "%dopar%" "bayesian_lalonde_decision" 
"socketSelect" "recvOneData.SOCKcluster" "recvOneData" "recvOneResult" "dynamicClusterApply" "clusterApplyLB" "e$fun" "%dopar%" "bayesian_lalonde_decision" 
"socketSelect" "recvOneData.SOCKcluster" "recvOneData" "recvOneResult" "dynamicClusterApply" "clusterApplyLB" "e$fun" "%dopar%" "bayesian_lalonde_decision" 
"serialize" "sendData.SOCKnode" "sendData" "postNode" "sendCall" "submit" "dynamicClusterApply" "clusterApplyLB" "e$fun" "%dopar%" "bayesian_lalonde_decision" 
"unserialize" "recvOneData.SOCKcluster" "recvOneData" "recvOneResult" "dynamicClusterApply" "clusterApplyLB" "e$fun" "%dopar%" "bayesian_lalonde_decision" 
"serialize" "sendData.SOCKnode" "sendData" "postNode" "sendCall" "submit" "dynamicClusterApply" "clusterApplyLB" "e$fun" "%dopar%" "bayesian_lalonde_decision" 
"unserialize" "recvOneData.SOCKcluster" "recvOneData" "recvOneResult" "dynamicClusterApply" "clusterApplyLB" "e$fun" "%dopar%" "bayesian_lalonde_decision" 
"serialize" "sendData.SOCKnode" "sendData" "postNode" "sendCall" "submit" "dynamicClusterApply" "clusterApplyLB" "e$fun" "%dopar%" "bayesian_lalonde_decision" 
"serialize" "sendData.SOCKnode" "sendData" "postNode" "sendCall" "submit" "dynamicClusterApply" "clusterApplyLB" "e$fun" "%dopar%" "bayesian_lalonde_decision" 
"socketSelect" "recvOneData.SOCKcluster" "recvOneData" "recvOneResult" "dynamicClusterApply" "clusterApplyLB" "e$fun" "%dopar%" "bayesian_lalonde_decision" 
"serialize" "sendData.SOCKnode" "sendData" "postNode" "sendCall" "submit" "dynamicClusterApply" "clusterApplyLB" "e$fun" "%dopar%" "bayesian_lalonde_decision" 
"serialize" "sendData.SOCKnode" "sendData" "postNode" "sendCall" "submit" "dynamicClusterApply" "clusterApplyLB" "e$fun" "%dopar%" "bayesian_lalonde_decision" 
"serialize" "sendData.SOCKnode" "sendData" "postNode" "sendCall" "submit" "dynamicClusterApply" "clusterApplyLB" "e$fun" "%dopar%" "bayesian_lalonde_decision" 
"socketSelect" "recvOneData.SOCKcluster" "recvOneData" "recvOneResult" "dynamicClusterApply" "clusterApplyLB" "e$fun" "%dopar%" "bayesian_lalonde_decision" 
"serialize" "sendData.SOCKnode" "sendData" "postNode" "sendCall" "submit" "dynamicClusterApply" "clusterApplyLB" "e$fun" "%dopar%" "bayesian_lalonde_decision" 
"socketSelect" "recvOneData.SOCKcluster" "recvOneData" "recvOneResult" "dynamicClusterApply" "clusterApplyLB" "e$fun" "%dopar%" "bayesian_lalonde_decision" 
"serialize" "sendData.SOCKnode" "sendData" "postNode" "sendCall" "submit" "dynamicClusterApply" "clusterApplyLB" "e$fun" "%dopar%" "bayesian_lalonde_decision" 
"FUN" "lapply" "recvOneData.SOCKcluster" "recvOneData" "recvOneResult" "dynamicClusterApply" "clusterApplyLB" "e$fun" "%dopar%" "bayesian_lalonde_decision" 
"serialize" "sendData.SOCKnode" "sendData" "postNode" "sendCall" "submit" "dynamicClusterApply" "clusterApplyLB" "e$fun" "%dopar%" "bayesian_lalonde_decision" 
"socketSelect" "recvOneData.SOCKcluster" "recvOneData" "recvOneResult" "dynamicClusterApply" "clusterApplyLB" "e$fun" "%dopar%" "bayesian_lalonde_decision" 
"serialize" "sendData.SOCKnode" "sendData" "postNode" "sendCall" "submit" "dynamicClusterApply" "clusterApplyLB" "e$fun" "%dopar%" "bayesian_lalonde_decision" 
"serialize" "sendData.SOCKnode" "sendData" "postNode" "sendCall" "submit" "dynamicClusterApply" "clusterApplyLB" "e$fun" "%dopar%" "bayesian_lalonde_decision" 
"serialize" "sendData.SOCKnode" "sendData" "postNode" "sendCall" "submit" "dynamicClusterApply" "clusterApplyLB" "e$fun" "%dopar%" "bayesian_lalonde_decision" 
"socketSelect" "recvOneData.SOCKcluster" "recvOneData" "recvOneResult" "dynamicClusterApply" "clusterApplyLB" "e$fun" "%dopar%" "bayesian_lalonde_decision" 
"serialize" "sendData.SOCKnode" "sendData" "postNode" "sendCall" "submit" "dynamicClusterApply" "clusterApplyLB" "e$fun" "%dopar%" "bayesian_lalonde_decision" 
"socketSelect" "recvOneData.SOCKcluster" "recvOneData" "recvOneResult" "dynamicClusterApply" "clusterApplyLB" "e$fun" "%dopar%" "bayesian_lalonde_decision" 
"serialize" "sendData.SOCKnode" "sendData" "postNode" "sendCall" "submit" "dynamicClusterApply" "clusterApplyLB" "e$fun" "%dopar%" "bayesian_lalonde_decision" 
"recvOneData" "recvOneResult" "dynamicClusterApply" "clusterApplyLB" "e$fun" "%dopar%" "bayesian_lalonde_decision" 
"socketSelect" "recvOneData.SOCKcluster" "recvOneData" "recvOneResult" "dynamicClusterApply" "clusterApplyLB" "e$fun" "%dopar%" "bayesian_lalonde_decision" 
"serialize" "sendData.SOCKnode" "sendData" "postNode" "sendCall" "submit" "dynamicClusterApply" "clusterApplyLB" "e$fun" "%dopar%" "bayesian_lalonde_decision" 
"unserialize" "recvOneData.SOCKcluster" "recvOneData" "recvOneResult" "dynamicClusterApply" "clusterApplyLB" "e$fun" "%dopar%" "bayesian_lalonde_decision" 
"serialize" "sendData.SOCKnode" "sendData" "postNode" "sendCall" "submit" "dynamicClusterApply" "clusterApplyLB" "e$fun" "%dopar%" "bayesian_lalonde_decision" 
"serialize" "sendData.SOCKnode" "sendData" "postNode" "sendCall" "submit" "dynamicClusterApply" "clusterApplyLB" "e$fun" "%dopar%" "bayesian_lalonde_decision" 
"serialize" "sendData.SOCKnode" "sendData" "postNode" "sendCall" "submit" "dynamicClusterApply" "clusterApplyLB" "e$fun" "%dopar%" "bayesian_lalonde_decision" 
"socketSelect" "recvOneData.SOCKcluster" "recvOneData" "recvOneResult" "dynamicClusterApply" "clusterApplyLB" "e$fun" "%dopar%" "bayesian_lalonde_decision" 
"unserialize" "recvOneData.SOCKcluster" "recvOneData" "recvOneResult" "dynamicClusterApply" "clusterApplyLB" "e$fun" "%dopar%" "bayesian_lalonde_decision" 
"serialize" "sendData.SOCKnode" "sendData" "postNode" "sendCall" "submit" "dynamicClusterApply" "clusterApplyLB" "e$fun" "%dopar%" "bayesian_lalonde_decision" 
"sendData" "postNode" "sendCall" "submit" "dynamicClusterApply" "clusterApplyLB" "e$fun" "%dopar%" "bayesian_lalonde_decision" 
"sendData" "postNode" "sendCall" "submit" "dynamicClusterApply" "clusterApplyLB" "e$fun" "%dopar%" "bayesian_lalonde_decision" 
"unserialize" "recvOneData.SOCKcluster" "recvOneData" "recvOneResult" "dynamicClusterApply" "clusterApplyLB" "e$fun" "%dopar%" "bayesian_lalonde_decision" 
"serialize" "sendData.SOCKnode" "sendData" "postNode" "sendCall" "submit" "dynamicClusterApply" "clusterApplyLB" "e$fun" "%dopar%" "bayesian_lalonde_decision" 
"socketSelect" "recvOneData.SOCKcluster" "recvOneData" "recvOneResult" "dynamicClusterApply" "clusterApplyLB" "e$fun" "%dopar%" "bayesian_lalonde_decision" 
"serialize" "sendData.SOCKnode" "sendData" "postNode" "sendCall" "submit" "dynamicClusterApply" "clusterApplyLB" "e$fun" "%dopar%" "bayesian_lalonde_decision" 
"socketSelect" "recvOneData.SOCKcluster" "recvOneData" "recvOneResult" "dynamicClusterApply" "clusterApplyLB" "e$fun" "%dopar%" "bayesian_lalonde_decision" 
"serialize" "sendData.SOCKnode" "sendData" "postNode" "sendCall" "submit" "dynamicClusterApply" "clusterApplyLB" "e$fun" "%dopar%" "bayesian_lalonde_decision" 
"socketSelect" "recvOneData.SOCKcluster" "recvOneData" "recvOneResult" "dynamicClusterApply" "clusterApplyLB" "e$fun" "%dopar%" "bayesian_lalonde_decision" 
"socketSelect" "recvOneData.SOCKcluster" "recvOneData" "recvOneResult" "dynamicClusterApply" "clusterApplyLB" "e$fun" "%dopar%" "bayesian_lalonde_decision" 
"lapply" "recvOneData.SOCKcluster" "recvOneData" "recvOneResult" "dynamicClusterApply" "clusterApplyLB" "e$fun" "%dopar%" "bayesian_lalonde_decision" 
"serialize" "sendData.SOCKnode" "sendData" "postNode" "sendCall" "submit" "dynamicClusterApply" "clusterApplyLB" "e$fun" "%dopar%" "bayesian_lalonde_decision" 
"serialize" "sendData.SOCKnode" "sendData" "postNode" "sendCall" "submit" "dynamicClusterApply" "clusterApplyLB" "e$fun" "%dopar%" "bayesian_lalonde_decision" 
"serialize" "sendData.SOCKnode" "sendData" "postNode" "sendCall" "submit" "dynamicClusterApply" "clusterApplyLB" "e$fun" "%dopar%" "bayesian_lalonde_decision" 
"serialize" "sendData.SOCKnode" "sendData" "postNode" "sendCall" "submit" "dynamicClusterApply" "clusterApplyLB" "e$fun" "%dopar%" "bayesian_lalonde_decision" 
"serialize" "sendData.SOCKnode" "sendData" "postNode" "sendCall" "submit" "dynamicClusterApply" "clusterApplyLB" "e$fun" "%dopar%" "bayesian_lalonde_decision" 
"unserialize" "recvOneData.SOCKcluster" "recvOneData" "recvOneResult" "dynamicClusterApply" "clusterApplyLB" "e$fun" "%dopar%" "bayesian_lalonde_decision" 
"serialize" "sendData.SOCKnode" "sendData" "postNode" "sendCall" "submit" "dynamicClusterApply" "clusterApplyLB" "e$fun" "%dopar%" "bayesian_lalonde_decision" 
"serialize" "sendData.SOCKnode" "sendData" "postNode" "sendCall" "submit" "dynamicClusterApply" "clusterApplyLB" "e$fun" "%dopar%" "bayesian_lalonde_decision" 
"socketSelect" "recvOneData.SOCKcluster" "recvOneData" "recvOneResult" "dynamicClusterApply" "clusterApplyLB" "e$fun" "%dopar%" "bayesian_lalonde_decision" 
"serialize" "sendData.SOCKnode" "sendData" "postNode" "sendCall" "submit" "dynamicClusterApply" "clusterApplyLB" "e$fun" "%dopar%" "bayesian_lalonde_decision" 
"unserialize" "recvOneData.SOCKcluster" "recvOneData" "recvOneResult" "dynamicClusterApply" "clusterApplyLB" "e$fun" "%dopar%" "bayesian_lalonde_decision" 
"unserialize" "recvOneData.SOCKcluster" "recvOneData" "recvOneResult" "dynamicClusterApply" "clusterApplyLB" "e$fun" "%dopar%" "bayesian_lalonde_decision" 
"serialize" "sendData.SOCKnode" "sendData" "postNode" "sendCall" "submit" "dynamicClusterApply" "clusterApplyLB" "e$fun" "%dopar%" "bayesian_lalonde_decision" 
"serialize" "sendData.SOCKnode" "sendData" "postNode" "sendCall" "submit" "dynamicClusterApply" "clusterApplyLB" "e$fun" "%dopar%" "bayesian_lalonde_decision" 
"socketSelect" "recvOneData.SOCKcluster" "recvOneData" "recvOneResult" "dynamicClusterApply" "clusterApplyLB" "e$fun" "%dopar%" "bayesian_lalonde_decision" 
"serialize" "sendData.SOCKnode" "sendData" "postNode" "sendCall" "submit" "dynamicClusterApply" "clusterApplyLB" "e$fun" "%dopar%" "bayesian_lalonde_decision" 
"FUN" "lapply" "recvOneData.SOCKcluster" "recvOneData" "recvOneResult" "dynamicClusterApply" "clusterApplyLB" "e$fun" "%dopar%" "bayesian_lalonde_decision" 
"serialize" "sendData.SOCKnode" "sendData" "postNode" "sendCall" "submit" "dynamicClusterApply" "clusterApplyLB" "e$fun" "%dopar%" "bayesian_lalonde_decision" 
"socketSelect" "recvOneData.SOCKcluster" "recvOneData" "recvOneResult" "dynamicClusterApply" "clusterApplyLB" "e$fun" "%dopar%" "bayesian_lalonde_decision" 
"serialize" "sendData.SOCKnode" "sendData" "postNode" "sendCall" "submit" "dynamicClusterApply" "clusterApplyLB" "e$fun" "%dopar%" "bayesian_lalonde_decision" 
"socketSelect" "recvOneData.SOCKcluster" "recvOneData" "recvOneResult" "dynamicClusterApply" "clusterApplyLB" "e$fun" "%dopar%" "bayesian_lalonde_decision" 
"serialize" "sendData.SOCKnode" "sendData" "postNode" "sendCall" "submit" "dynamicClusterApply" "clusterApplyLB" "e$fun" "%dopar%" "bayesian_lalonde_decision" 
"serialize" "sendData.SOCKnode" "sendData" "postNode" "sendCall" "submit" "dynamicClusterApply" "clusterApplyLB" "e$fun" "%dopar%" "bayesian_lalonde_decision" 
"socketSelect" "recvOneData.SOCKcluster" "recvOneData" "recvOneResult" "dynamicClusterApply" "clusterApplyLB" "e$fun" "%dopar%" "bayesian_lalonde_decision" 
"serialize" "sendData.SOCKnode" "sendData" "postNode" "sendCall" "submit" "dynamicClusterApply" "clusterApplyLB" "e$fun" "%dopar%" "bayesian_lalonde_decision" 
"socketSelect" "recvOneData.SOCKcluster" "recvOneData" "recvOneResult" "dynamicClusterApply" "clusterApplyLB" "e$fun" "%dopar%" "bayesian_lalonde_decision" 
"unserialize" "recvOneData.SOCKcluster" "recvOneData" "recvOneResult" "dynamicClusterApply" "clusterApplyLB" "e$fun" "%dopar%" "bayesian_lalonde_decision" 
"unserialize" "recvOneData.SOCKcluster" "recvOneData" "recvOneResult" "dynamicClusterApply" "clusterApplyLB" "e$fun" "%dopar%" "bayesian_lalonde_decision" 
"unserialize" "recvOneData.SOCKcluster" "recvOneData" "recvOneResult" "dynamicClusterApply" "clusterApplyLB" "e$fun" "%dopar%" "bayesian_lalonde_decision" 
"socketSelect" "recvOneData.SOCKcluster" "recvOneData" "recvOneResult" "dynamicClusterApply" "clusterApplyLB" "e$fun" "%dopar%" "bayesian_lalonde_decision" 
"socketSelect" "recvOneData.SOCKcluster" "recvOneData" "recvOneResult" "dynamicClusterApply" "clusterApplyLB" "e$fun" "%dopar%" "bayesian_lalonde_decision" 
"unserialize" "recvOneData.SOCKcluster" "recvOneData" "recvOneResult" "dynamicClusterApply" "clusterApplyLB" "e$fun" "%dopar%" "bayesian_lalonde_decision" 
"serialize" "sendData.SOCKnode" "sendData" "postNode" "sendCall" "submit" "dynamicClusterApply" "clusterApplyLB" "e$fun" "%dopar%" "bayesian_lalonde_decision" 
"serialize" "sendData.SOCKnode" "sendData" "postNode" "sendCall" "submit" "dynamicClusterApply" "clusterApplyLB" "e$fun" "%dopar%" "bayesian_lalonde_decision" 
"unserialize" "recvOneData.SOCKcluster" "recvOneData" "recvOneResult" "dynamicClusterApply" "clusterApplyLB" "e$fun" "%dopar%" "bayesian_lalonde_decision" 
"serialize" "sendData.SOCKnode" "sendData" "postNode" "sendCall" "submit" "dynamicClusterApply" "clusterApplyLB" "e$fun" "%dopar%" "bayesian_lalonde_decision" 
"unserialize" "recvOneData.SOCKcluster" "recvOneData" "recvOneResult" "dynamicClusterApply" "clusterApplyLB" "e$fun" "%dopar%" "bayesian_lalonde_decision" 
"serialize" "sendData.SOCKnode" "sendData" "postNode" "sendCall" "submit" "dynamicClusterApply" "clusterApplyLB" "e$fun" "%dopar%" "bayesian_lalonde_decision" 
"serialize" "sendData.SOCKnode" "sendData" "postNode" "sendCall" "submit" "dynamicClusterApply" "clusterApplyLB" "e$fun" "%dopar%" "bayesian_lalonde_decision" 
"socketSelect" "recvOneData.SOCKcluster" "recvOneData" "recvOneResult" "dynamicClusterApply" "clusterApplyLB" "e$fun" "%dopar%" "bayesian_lalonde_decision" 
"serialize" "sendData.SOCKnode" "sendData" "postNode" "sendCall" "submit" "dynamicClusterApply" "clusterApplyLB" "e$fun" "%dopar%" "bayesian_lalonde_decision" 
"paste" "accumulate.iforeach" "accumulate" "accumulator" "doTryCatch" "tryCatchOne" "tryCatchList" "tryCatch" "e$fun" "%dopar%" "bayesian_lalonde_decision" 
"data.table::rbindlist" "fun" "eval" "eval" "callCombine" "accumulate.iforeach" "accumulate" "accumulator" "doTryCatch" "tryCatchOne" "tryCatchList" "tryCatch" "e$fun" "%dopar%" "bayesian_lalonde_decision" 
"assign" "accumulate.iforeach" "accumulate" "accumulator" "doTryCatch" "tryCatchOne" "tryCatchList" "tryCatch" "e$fun" "%dopar%" "bayesian_lalonde_decision" 
"accumulate.iforeach" "accumulate" "accumulator" "doTryCatch" "tryCatchOne" "tryCatchList" "tryCatch" "e$fun" "%dopar%" "bayesian_lalonde_decision" 
"accumulate.iforeach" "accumulate" "accumulator" "doTryCatch" "tryCatchOne" "tryCatchList" "tryCatch" "e$fun" "%dopar%" "bayesian_lalonde_decision" 
"paste" "accumulate.iforeach" "accumulate" "accumulator" "doTryCatch" "tryCatchOne" "tryCatchList" "tryCatch" "e$fun" "%dopar%" "bayesian_lalonde_decision" 
"assign" "accumulate.iforeach" "accumulate" "accumulator" "doTryCatch" "tryCatchOne" "tryCatchList" "tryCatch" "e$fun" "%dopar%" "bayesian_lalonde_decision" 
"data.table::rbindlist" "fun" "eval" "eval" "callCombine" "accumulate.iforeach" "accumulate" "accumulator" "doTryCatch" "tryCatchOne" "tryCatchList" "tryCatch" "e$fun" "%dopar%" "bayesian_lalonde_decision" 
"data.table::rbindlist" "fun" "eval" "eval" "callCombine" "accumulate.iforeach" "accumulate" "accumulator" "doTryCatch" "tryCatchOne" "tryCatchList" "tryCatch" "e$fun" "%dopar%" "bayesian_lalonde_decision" 
"data.table::rbindlist" "fun" "eval" "eval" "callCombine" "accumulate.iforeach" "accumulate" "accumulator" "doTryCatch" "tryCatchOne" "tryCatchList" "tryCatch" "e$fun" "%dopar%" "bayesian_lalonde_decision" 
"data.table::rbindlist" "fun" "eval" "eval" "callCombine" "accumulate.iforeach" "accumulate" "accumulator" "doTryCatch" "tryCatchOne" "tryCatchList" "tryCatch" "e$fun" "%dopar%" "bayesian_lalonde_decision" 
"setalloccol" "setDT" "data.table::rbindlist" "fun" "eval" "eval" "callCombine" "accumulate.iforeach" "accumulate" "accumulator" "doTryCatch" "tryCatchOne" "tryCatchList" "tryCatch" "e$fun" "%dopar%" "bayesian_lalonde_decision" 
"setalloccol" "setDT" "data.table::rbindlist" "fun" "eval" "eval" "callCombine" "accumulate.iforeach" "accumulate" "accumulator" "doTryCatch" "tryCatchOne" "tryCatchList" "tryCatch" "e$fun" "%dopar%" "bayesian_lalonde_decision" 
"data.table::rbindlist" "fun" "eval" "eval" "callCombine" "accumulate.iforeach" "accumulate" "accumulator" "doTryCatch" "tryCatchOne" "tryCatchList" "tryCatch" "e$fun" "%dopar%" "bayesian_lalonde_decision" 
"data.table::rbindlist" "fun" "eval" "eval" "callCombine" "accumulate.iforeach" "accumulate" "accumulator" "doTryCatch" "tryCatchOne" "tryCatchList" "tryCatch" "e$fun" "%dopar%" "bayesian_lalonde_decision" 
"data.table::rbindlist" "fun" "eval" "eval" "callCombine" "accumulate.iforeach" "accumulate" "accumulator" "doTryCatch" "tryCatchOne" "tryCatchList" "tryCatch" "e$fun" "%dopar%" "bayesian_lalonde_decision" 
"data.table::rbindlist" "fun" "eval" "eval" "callCombine" "accumulate.iforeach" "accumulate" "accumulator" "doTryCatch" "tryCatchOne" "tryCatchList" "tryCatch" "e$fun" "%dopar%" "bayesian_lalonde_decision" 
"data.table::rbindlist" "fun" "eval" "eval" "callCombine" "accumulate.iforeach" "accumulate" "accumulator" "doTryCatch" "tryCatchOne" "tryCatchList" "tryCatch" "e$fun" "%dopar%" "bayesian_lalonde_decision" 
"data.table::rbindlist" "fun" "eval" "eval" "callCombine" "accumulate.iforeach" "accumulate" "accumulator" "doTryCatch" "tryCatchOne" "tryCatchList" "tryCatch" "e$fun" "%dopar%" "bayesian_lalonde_decision" 
"data.table::rbindlist" "fun" "eval" "eval" "callCombine" "accumulate.iforeach" "accumulate" "accumulator" "doTryCatch" "tryCatchOne" "tryCatchList" "tryCatch" "e$fun" "%dopar%" "bayesian_lalonde_decision" 
"data.table::rbindlist" "fun" "eval" "eval" "callCombine" "accumulate.iforeach" "accumulate" "accumulator" "doTryCatch" "tryCatchOne" "tryCatchList" "tryCatch" "e$fun" "%dopar%" "bayesian_lalonde_decision" 
"data.table::rbindlist" "fun" "eval" "eval" "callCombine" "accumulate.iforeach" "accumulate" "accumulator" "doTryCatch" "tryCatchOne" "tryCatchList" "tryCatch" "e$fun" "%dopar%" "bayesian_lalonde_decision" 
"data.table::rbindlist" "fun" "eval" "eval" "callCombine" "accumulate.iforeach" "accumulate" "accumulator" "doTryCatch" "tryCatchOne" "tryCatchList" "tryCatch" "e$fun" "%dopar%" "bayesian_lalonde_decision" 
"data.table::rbindlist" "fun" "eval" "eval" "callCombine" "accumulate.iforeach" "accumulate" "accumulator" "doTryCatch" "tryCatchOne" "tryCatchList" "tryCatch" "e$fun" "%dopar%" "bayesian_lalonde_decision" 
"data.table::rbindlist" "fun" "eval" "eval" "callCombine" "accumulate.iforeach" "accumulate" "accumulator" "doTryCatch" "tryCatchOne" "tryCatchList" "tryCatch" "e$fun" "%dopar%" "bayesian_lalonde_decision" 
"data.table::rbindlist" "fun" "eval" "eval" "callCombine" "accumulate.iforeach" "accumulate" "accumulator" "doTryCatch" "tryCatchOne" "tryCatchList" "tryCatch" "e$fun" "%dopar%" "bayesian_lalonde_decision" 
"data.table::rbindlist" "fun" "eval" "eval" "callCombine" "accumulate.iforeach" "accumulate" "accumulator" "doTryCatch" "tryCatchOne" "tryCatchList" "tryCatch" "e$fun" "%dopar%" "bayesian_lalonde_decision" 
"data.table::rbindlist" "fun" "eval" "eval" "callCombine" "accumulate.iforeach" "accumulate" "accumulator" "doTryCatch" "tryCatchOne" "tryCatchList" "tryCatch" "e$fun" "%dopar%" "bayesian_lalonde_decision" 
"data.table::rbindlist" "fun" "eval" "eval" "callCombine" "accumulate.iforeach" "accumulate" "accumulator" "doTryCatch" "tryCatchOne" "tryCatchList" "tryCatch" "e$fun" "%dopar%" "bayesian_lalonde_decision" 
"data.table::rbindlist" "fun" "eval" "eval" "callCombine" "accumulate.iforeach" "accumulate" "accumulator" "doTryCatch" "tryCatchOne" "tryCatchList" "tryCatch" "e$fun" "%dopar%" "bayesian_lalonde_decision" 
"data.table::rbindlist" "fun" "eval" "eval" "callCombine" "accumulate.iforeach" "accumulate" "accumulator" "doTryCatch" "tryCatchOne" "tryCatchList" "tryCatch" "e$fun" "%dopar%" "bayesian_lalonde_decision" 
"data.table::rbindlist" "fun" "eval" "eval" "callCombine" "accumulate.iforeach" "accumulate" "accumulator" "doTryCatch" "tryCatchOne" "tryCatchList" "tryCatch" "e$fun" "%dopar%" "bayesian_lalonde_decision" 
"data.table::rbindlist" "fun" "eval" "eval" "callCombine" "accumulate.iforeach" "accumulate" "accumulator" "doTryCatch" "tryCatchOne" "tryCatchList" "tryCatch" "e$fun" "%dopar%" "bayesian_lalonde_decision" 
"data.table::rbindlist" "fun" "eval" "eval" "callCombine" "accumulate.iforeach" "accumulate" "accumulator" "doTryCatch" "tryCatchOne" "tryCatchList" "tryCatch" "e$fun" "%dopar%" "bayesian_lalonde_decision" 
"data.table::rbindlist" "fun" "eval" "eval" "callCombine" "accumulate.iforeach" "accumulate" "accumulator" "doTryCatch" "tryCatchOne" "tryCatchList" "tryCatch" "e$fun" "%dopar%" "bayesian_lalonde_decision" 
"paste" "accumulate.iforeach" "accumulate" "accumulator" "doTryCatch" "tryCatchOne" "tryCatchList" "tryCatch" "e$fun" "%dopar%" "bayesian_lalonde_decision" 
"paste" "accumulate.iforeach" "accumulate" "accumulator" "doTryCatch" "tryCatchOne" "tryCatchList" "tryCatch" "e$fun" "%dopar%" "bayesian_lalonde_decision" 
"data.table::rbindlist" "fun" "eval" "eval" "callCombine" "accumulate.iforeach" "accumulate" "accumulator" "doTryCatch" "tryCatchOne" "tryCatchList" "tryCatch" "e$fun" "%dopar%" "bayesian_lalonde_decision" 
"data.table::rbindlist" "fun" "eval" "eval" "callCombine" "accumulate.iforeach" "accumulate" "accumulator" "doTryCatch" "tryCatchOne" "tryCatchList" "tryCatch" "e$fun" "%dopar%" "bayesian_lalonde_decision" 
"data.table::rbindlist" "fun" "eval" "eval" "callCombine" "accumulate.iforeach" "accumulate" "accumulator" "doTryCatch" "tryCatchOne" "tryCatchList" "tryCatch" "e$fun" "%dopar%" "bayesian_lalonde_decision" 
"paste" "accumulate.iforeach" "accumulate" "accumulator" "doTryCatch" "tryCatchOne" "tryCatchList" "tryCatch" "e$fun" "%dopar%" "bayesian_lalonde_decision" 
"data.table::rbindlist" "fun" "eval" "eval" "callCombine" "accumulate.iforeach" "accumulate" "accumulator" "doTryCatch" "tryCatchOne" "tryCatchList" "tryCatch" "e$fun" "%dopar%" "bayesian_lalonde_decision" 
"data.table::rbindlist" "fun" "eval" "eval" "callCombine" "accumulate.iforeach" "accumulate" "accumulator" "doTryCatch" "tryCatchOne" "tryCatchList" "tryCatch" "e$fun" "%dopar%" "bayesian_lalonde_decision" 
"data.table::rbindlist" "fun" "eval" "eval" "callCombine" "accumulate.iforeach" "accumulate" "accumulator" "doTryCatch" "tryCatchOne" "tryCatchList" "tryCatch" "e$fun" "%dopar%" "bayesian_lalonde_decision" 
"data.table::rbindlist" "fun" "eval" "eval" "callCombine" "accumulate.iforeach" "accumulate" "accumulator" "doTryCatch" "tryCatchOne" "tryCatchList" "tryCatch" "e$fun" "%dopar%" "bayesian_lalonde_decision" 
"data.table::rbindlist" "fun" "eval" "eval" "callCombine" "accumulate.iforeach" "accumulate" "accumulator" "doTryCatch" "tryCatchOne" "tryCatchList" "tryCatch" "e$fun" "%dopar%" "bayesian_lalonde_decision" 
"data.table::rbindlist" "fun" "eval" "eval" "callCombine" "accumulate.iforeach" "accumulate" "accumulator" "doTryCatch" "tryCatchOne" "tryCatchList" "tryCatch" "e$fun" "%dopar%" "bayesian_lalonde_decision" 
"data.table::rbindlist" "fun" "eval" "eval" "callCombine" "accumulate.iforeach" "accumulate" "accumulator" "doTryCatch" "tryCatchOne" "tryCatchList" "tryCatch" "e$fun" "%dopar%" "bayesian_lalonde_decision" 
"data.table::rbindlist" "fun" "eval" "eval" "callCombine" "accumulate.iforeach" "accumulate" "accumulator" "doTryCatch" "tryCatchOne" "tryCatchList" "tryCatch" "e$fun" "%dopar%" "bayesian_lalonde_decision" 
"data.table::rbindlist" "fun" "eval" "eval" "callCombine" "accumulate.iforeach" "accumulate" "accumulator" "doTryCatch" "tryCatchOne" "tryCatchList" "tryCatch" "e$fun" "%dopar%" "bayesian_lalonde_decision" 
"data.table::rbindlist" "fun" "eval" "eval" "callCombine" "accumulate.iforeach" "accumulate" "accumulator" "doTryCatch" "tryCatchOne" "tryCatchList" "tryCatch" "e$fun" "%dopar%" "bayesian_lalonde_decision" 
"data.table::rbindlist" "fun" "eval" "eval" "callCombine" "accumulate.iforeach" "accumulate" "accumulator" "doTryCatch" "tryCatchOne" "tryCatchList" "tryCatch" "e$fun" "%dopar%" "bayesian_lalonde_decision" 
"data.table::rbindlist" "fun" "eval" "eval" "callCombine" "accumulate.iforeach" "accumulate" "accumulator" "doTryCatch" "tryCatchOne" "tryCatchList" "tryCatch" "e$fun" "%dopar%" "bayesian_lalonde_decision" 
"data.table::rbindlist" "fun" "eval" "eval" "callCombine" "accumulate.iforeach" "accumulate" "accumulator" "doTryCatch" "tryCatchOne" "tryCatchList" "tryCatch" "e$fun" "%dopar%" "bayesian_lalonde_decision" 
"data.table::rbindlist" "fun" "eval" "eval" "callCombine" "accumulate.iforeach" "accumulate" "accumulator" "doTryCatch" "tryCatchOne" "tryCatchList" "tryCatch" "e$fun" "%dopar%" "bayesian_lalonde_decision" 
"data.table::rbindlist" "fun" "eval" "eval" "callCombine" "accumulate.iforeach" "accumulate" "accumulator" "doTryCatch" "tryCatchOne" "tryCatchList" "tryCatch" "e$fun" "%dopar%" "bayesian_lalonde_decision" 
"data.table::rbindlist" "fun" "eval" "eval" "callCombine" "accumulate.iforeach" "accumulate" "accumulator" "doTryCatch" "tryCatchOne" "tryCatchList" "tryCatch" "e$fun" "%dopar%" "bayesian_lalonde_decision" 
"data.table::rbindlist" "fun" "eval" "eval" "callCombine" "accumulate.iforeach" "accumulate" "accumulator" "doTryCatch" "tryCatchOne" "tryCatchList" "tryCatch" "e$fun" "%dopar%" "bayesian_lalonde_decision" 
"...elt" "stopifnot" "complete" "accumulate.iforeach" "accumulate" "accumulator" "doTryCatch" "tryCatchOne" "tryCatchList" "tryCatch" "e$fun" "%dopar%" "bayesian_lalonde_decision" 
"data.table::rbindlist" "fun" "eval" "eval" "callCombine" "accumulate.iforeach" "accumulate" "accumulator" "doTryCatch" "tryCatchOne" "tryCatchList" "tryCatch" "e$fun" "%dopar%" "bayesian_lalonde_decision" 
"data.table::rbindlist" "fun" "eval" "eval" "callCombine" "accumulate.iforeach" "accumulate" "accumulator" "doTryCatch" "tryCatchOne" "tryCatchList" "tryCatch" "e$fun" "%dopar%" "bayesian_lalonde_decision" 
"data.table::rbindlist" "fun" "eval" "eval" "callCombine" "accumulate.iforeach" "accumulate" "accumulator" "doTryCatch" "tryCatchOne" "tryCatchList" "tryCatch" "e$fun" "%dopar%" "bayesian_lalonde_decision" 
"data.table::rbindlist" "fun" "eval" "eval" "callCombine" "accumulate.iforeach" "accumulate" "accumulator" "doTryCatch" "tryCatchOne" "tryCatchList" "tryCatch" "e$fun" "%dopar%" "bayesian_lalonde_decision" 
"data.table::rbindlist" "fun" "eval" "eval" "callCombine" "accumulate.iforeach" "accumulate" "accumulator" "doTryCatch" "tryCatchOne" "tryCatchList" "tryCatch" "e$fun" "%dopar%" "bayesian_lalonde_decision" 
"data.table::rbindlist" "fun" "eval" "eval" "callCombine" "accumulate.iforeach" "accumulate" "accumulator" "doTryCatch" "tryCatchOne" "tryCatchList" "tryCatch" "e$fun" "%dopar%" "bayesian_lalonde_decision" 
"data.table::rbindlist" "fun" "eval" "eval" "callCombine" "accumulate.iforeach" "accumulate" "accumulator" "doTryCatch" "tryCatchOne" "tryCatchList" "tryCatch" "e$fun" "%dopar%" "bayesian_lalonde_decision" 
"data.table::rbindlist" "fun" "eval" "eval" "callCombine" "accumulate.iforeach" "accumulate" "accumulator" "doTryCatch" "tryCatchOne" "tryCatchList" "tryCatch" "e$fun" "%dopar%" "bayesian_lalonde_decision" 
"data.table::rbindlist" "fun" "eval" "eval" "callCombine" "accumulate.iforeach" "accumulate" "accumulator" "doTryCatch" "tryCatchOne" "tryCatchList" "tryCatch" "e$fun" "%dopar%" "bayesian_lalonde_decision" 
"data.table::rbindlist" "fun" "eval" "eval" "callCombine" "accumulate.iforeach" "accumulate" "accumulator" "doTryCatch" "tryCatchOne" "tryCatchList" "tryCatch" "e$fun" "%dopar%" "bayesian_lalonde_decision" 
"data.table::rbindlist" "fun" "eval" "eval" "callCombine" "accumulate.iforeach" "accumulate" "accumulator" "doTryCatch" "tryCatchOne" "tryCatchList" "tryCatch" "e$fun" "%dopar%" "bayesian_lalonde_decision" 
"data.table::rbindlist" "fun" "eval" "eval" "callCombine" "accumulate.iforeach" "accumulate" "accumulator" "doTryCatch" "tryCatchOne" "tryCatchList" "tryCatch" "e$fun" "%dopar%" "bayesian_lalonde_decision" 
"data.table::rbindlist" "fun" "eval" "eval" "callCombine" "accumulate.iforeach" "accumulate" "accumulator" "doTryCatch" "tryCatchOne" "tryCatchList" "tryCatch" "e$fun" "%dopar%" "bayesian_lalonde_decision" 
"data.table::rbindlist" "fun" "eval" "eval" "callCombine" "accumulate.iforeach" "accumulate" "accumulator" "doTryCatch" "tryCatchOne" "tryCatchList" "tryCatch" "e$fun" "%dopar%" "bayesian_lalonde_decision" 
"data.table::rbindlist" "fun" "eval" "eval" "callCombine" "accumulate.iforeach" "accumulate" "accumulator" "doTryCatch" "tryCatchOne" "tryCatchList" "tryCatch" "e$fun" "%dopar%" "bayesian_lalonde_decision" 
"data.table::rbindlist" "fun" "eval" "eval" "callCombine" "accumulate.iforeach" "accumulate" "accumulator" "doTryCatch" "tryCatchOne" "tryCatchList" "tryCatch" "e$fun" "%dopar%" "bayesian_lalonde_decision" 
"data.table::rbindlist" "fun" "eval" "eval" "callCombine" "accumulate.iforeach" "accumulate" "accumulator" "doTryCatch" "tryCatchOne" "tryCatchList" "tryCatch" "e$fun" "%dopar%" "bayesian_lalonde_decision" 
"data.table::rbindlist" "fun" "eval" "eval" "callCombine" "accumulate.iforeach" "accumulate" "accumulator" "doTryCatch" "tryCatchOne" "tryCatchList" "tryCatch" "e$fun" "%dopar%" "bayesian_lalonde_decision" 
"accumulate.iforeach" "accumulate" "accumulator" "doTryCatch" "tryCatchOne" "tryCatchList" "tryCatch" "e$fun" "%dopar%" "bayesian_lalonde_decision" 
"data.table::rbindlist" "fun" "eval" "eval" "callCombine" "accumulate.iforeach" "accumulate" "accumulator" "doTryCatch" "tryCatchOne" "tryCatchList" "tryCatch" "e$fun" "%dopar%" "bayesian_lalonde_decision" 
"data.table::rbindlist" "fun" "eval" "eval" "callCombine" "accumulate.iforeach" "accumulate" "accumulator" "doTryCatch" "tryCatchOne" "tryCatchList" "tryCatch" "e$fun" "%dopar%" "bayesian_lalonde_decision" 
"data.table::rbindlist" "fun" "eval" "eval" "callCombine" "accumulate.iforeach" "accumulate" "accumulator" "doTryCatch" "tryCatchOne" "tryCatchList" "tryCatch" "e$fun" "%dopar%" "bayesian_lalonde_decision" 
"data.table::rbindlist" "fun" "eval" "eval" "callCombine" "accumulate.iforeach" "accumulate" "accumulator" "doTryCatch" "tryCatchOne" "tryCatchList" "tryCatch" "e$fun" "%dopar%" "bayesian_lalonde_decision" 
"data.table::rbindlist" "fun" "eval" "eval" "callCombine" "accumulate.iforeach" "accumulate" "accumulator" "doTryCatch" "tryCatchOne" "tryCatchList" "tryCatch" "e$fun" "%dopar%" "bayesian_lalonde_decision" 
"data.table::rbindlist" "fun" "eval" "eval" "callCombine" "accumulate.iforeach" "accumulate" "accumulator" "doTryCatch" "tryCatchOne" "tryCatchList" "tryCatch" "e$fun" "%dopar%" "bayesian_lalonde_decision" 
"data.table::rbindlist" "fun" "eval" "eval" "callCombine" "accumulate.iforeach" "accumulate" "accumulator" "doTryCatch" "tryCatchOne" "tryCatchList" "tryCatch" "e$fun" "%dopar%" "bayesian_lalonde_decision" 
"data.table::rbindlist" "fun" "eval" "eval" "callCombine" "accumulate.iforeach" "accumulate" "accumulator" "doTryCatch" "tryCatchOne" "tryCatchList" "tryCatch" "e$fun" "%dopar%" "bayesian_lalonde_decision" 
"data.table::rbindlist" "fun" "eval" "eval" "callCombine" "accumulate.iforeach" "accumulate" "accumulator" "doTryCatch" "tryCatchOne" "tryCatchList" "tryCatch" "e$fun" "%dopar%" "bayesian_lalonde_decision" 
"data.table::rbindlist" "fun" "eval" "eval" "callCombine" "accumulate.iforeach" "accumulate" "accumulator" "doTryCatch" "tryCatchOne" "tryCatchList" "tryCatch" "e$fun" "%dopar%" "bayesian_lalonde_decision" 
"data.table::rbindlist" "fun" "eval" "eval" "callCombine" "accumulate.iforeach" "accumulate" "accumulator" "doTryCatch" "tryCatchOne" "tryCatchList" "tryCatch" "e$fun" "%dopar%" "bayesian_lalonde_decision" 
"data.table::rbindlist" "fun" "eval" "eval" "callCombine" "accumulate.iforeach" "accumulate" "accumulator" "doTryCatch" "tryCatchOne" "tryCatchList" "tryCatch" "e$fun" "%dopar%" "bayesian_lalonde_decision" 
"data.table::rbindlist" "fun" "eval" "eval" "callCombine" "accumulate.iforeach" "accumulate" "accumulator" "doTryCatch" "tryCatchOne" "tryCatchList" "tryCatch" "e$fun" "%dopar%" "bayesian_lalonde_decision" 
"data.table::rbindlist" "fun" "eval" "eval" "callCombine" "accumulate.iforeach" "accumulate" "accumulator" "doTryCatch" "tryCatchOne" "tryCatchList" "tryCatch" "e$fun" "%dopar%" "bayesian_lalonde_decision" 
"data.table::rbindlist" "fun" "eval" "eval" "callCombine" "accumulate.iforeach" "accumulate" "accumulator" "doTryCatch" "tryCatchOne" "tryCatchList" "tryCatch" "e$fun" "%dopar%" "bayesian_lalonde_decision" 
"data.table::rbindlist" "fun" "eval" "eval" "callCombine" "accumulate.iforeach" "accumulate" "accumulator" "doTryCatch" "tryCatchOne" "tryCatchList" "tryCatch" "e$fun" "%dopar%" "bayesian_lalonde_decision" 
"data.table::rbindlist" "fun" "eval" "eval" "callCombine" "accumulate.iforeach" "accumulate" "accumulator" "doTryCatch" "tryCatchOne" "tryCatchList" "tryCatch" "e$fun" "%dopar%" "bayesian_lalonde_decision" 
"data.table::rbindlist" "fun" "eval" "eval" "callCombine" "accumulate.iforeach" "accumulate" "accumulator" "doTryCatch" "tryCatchOne" "tryCatchList" "tryCatch" "e$fun" "%dopar%" "bayesian_lalonde_decision" 
"data.table::rbindlist" "fun" "eval" "eval" "callCombine" "accumulate.iforeach" "accumulate" "accumulator" "doTryCatch" "tryCatchOne" "tryCatchList" "tryCatch" "e$fun" "%dopar%" "bayesian_lalonde_decision" 
"data.table::rbindlist" "fun" "eval" "eval" "callCombine" "accumulate.iforeach" "accumulate" "accumulator" "doTryCatch" "tryCatchOne" "tryCatchList" "tryCatch" "e$fun" "%dopar%" "bayesian_lalonde_decision" 
"data.table::rbindlist" "fun" "eval" "eval" "callCombine" "accumulate.iforeach" "accumulate" "accumulator" "doTryCatch" "tryCatchOne" "tryCatchList" "tryCatch" "e$fun" "%dopar%" "bayesian_lalonde_decision" 
"data.table::rbindlist" "fun" "eval" "eval" "callCombine" "accumulate.iforeach" "accumulate" "accumulator" "doTryCatch" "tryCatchOne" "tryCatchList" "tryCatch" "e$fun" "%dopar%" "bayesian_lalonde_decision" 
"data.table::rbindlist" "fun" "eval" "eval" "callCombine" "accumulate.iforeach" "accumulate" "accumulator" "doTryCatch" "tryCatchOne" "tryCatchList" "tryCatch" "e$fun" "%dopar%" "bayesian_lalonde_decision" 
"data.table::rbindlist" "fun" "eval" "eval" "callCombine" "accumulate.iforeach" "accumulate" "accumulator" "doTryCatch" "tryCatchOne" "tryCatchList" "tryCatch" "e$fun" "%dopar%" "bayesian_lalonde_decision" 
"data.table::rbindlist" "fun" "eval" "eval" "callCombine" "accumulate.iforeach" "accumulate" "accumulator" "doTryCatch" "tryCatchOne" "tryCatchList" "tryCatch" "e$fun" "%dopar%" "bayesian_lalonde_decision" 
"data.table::rbindlist" "fun" "eval" "eval" "callCombine" "accumulate.iforeach" "accumulate" "accumulator" "doTryCatch" "tryCatchOne" "tryCatchList" "tryCatch" "e$fun" "%dopar%" "bayesian_lalonde_decision" 
"data.table::rbindlist" "fun" "eval" "eval" "callCombine" "accumulate.iforeach" "accumulate" "accumulator" "doTryCatch" "tryCatchOne" "tryCatchList" "tryCatch" "e$fun" "%dopar%" "bayesian_lalonde_decision" 
"data.table::rbindlist" "fun" "eval" "eval" "callCombine" "accumulate.iforeach" "accumulate" "accumulator" "doTryCatch" "tryCatchOne" "tryCatchList" "tryCatch" "e$fun" "%dopar%" "bayesian_lalonde_decision" 
"data.table::rbindlist" "fun" "eval" "eval" "callCombine" "accumulate.iforeach" "accumulate" "accumulator" "doTryCatch" "tryCatchOne" "tryCatchList" "tryCatch" "e$fun" "%dopar%" "bayesian_lalonde_decision" 
"data.table::rbindlist" "fun" "eval" "eval" "callCombine" "accumulate.iforeach" "accumulate" "accumulator" "doTryCatch" "tryCatchOne" "tryCatchList" "tryCatch" "e$fun" "%dopar%" "bayesian_lalonde_decision" 
"data.table::rbindlist" "fun" "eval" "eval" "callCombine" "accumulate.iforeach" "accumulate" "accumulator" "doTryCatch" "tryCatchOne" "tryCatchList" "tryCatch" "e$fun" "%dopar%" "bayesian_lalonde_decision" 
"data.table::rbindlist" "fun" "eval" "eval" "callCombine" "accumulate.iforeach" "accumulate" "accumulator" "doTryCatch" "tryCatchOne" "tryCatchList" "tryCatch" "e$fun" "%dopar%" "bayesian_lalonde_decision" 
"data.table::rbindlist" "fun" "eval" "eval" "callCombine" "accumulate.iforeach" "accumulate" "accumulator" "doTryCatch" "tryCatchOne" "tryCatchList" "tryCatch" "e$fun" "%dopar%" "bayesian_lalonde_decision" 
"data.table::rbindlist" "fun" "eval" "eval" "callCombine" "accumulate.iforeach" "accumulate" "accumulator" "doTryCatch" "tryCatchOne" "tryCatchList" "tryCatch" "e$fun" "%dopar%" "bayesian_lalonde_decision" 
"data.table::rbindlist" "fun" "eval" "eval" "callCombine" "accumulate.iforeach" "accumulate" "accumulator" "doTryCatch" "tryCatchOne" "tryCatchList" "tryCatch" "e$fun" "%dopar%" "bayesian_lalonde_decision" 
"data.table::rbindlist" "fun" "eval" "eval" "callCombine" "accumulate.iforeach" "accumulate" "accumulator" "doTryCatch" "tryCatchOne" "tryCatchList" "tryCatch" "e$fun" "%dopar%" "bayesian_lalonde_decision" 
"data.table::rbindlist" "fun" "eval" "eval" "callCombine" "accumulate.iforeach" "accumulate" "accumulator" "doTryCatch" "tryCatchOne" "tryCatchList" "tryCatch" "e$fun" "%dopar%" "bayesian_lalonde_decision" 
"data.table::rbindlist" "fun" "eval" "eval" "callCombine" "accumulate.iforeach" "accumulate" "accumulator" "doTryCatch" "tryCatchOne" "tryCatchList" "tryCatch" "e$fun" "%dopar%" "bayesian_lalonde_decision" 
"data.table::rbindlist" "fun" "eval" "eval" "callCombine" "accumulate.iforeach" "accumulate" "accumulator" "doTryCatch" "tryCatchOne" "tryCatchList" "tryCatch" "e$fun" "%dopar%" "bayesian_lalonde_decision" 
"data.table::rbindlist" "fun" "eval" "eval" "callCombine" "accumulate.iforeach" "accumulate" "accumulator" "doTryCatch" "tryCatchOne" "tryCatchList" "tryCatch" "e$fun" "%dopar%" "bayesian_lalonde_decision" 
"data.table::rbindlist" "fun" "eval" "eval" "callCombine" "accumulate.iforeach" "accumulate" "accumulator" "doTryCatch" "tryCatchOne" "tryCatchList" "tryCatch" "e$fun" "%dopar%" "bayesian_lalonde_decision" 
"data.table::rbindlist" "fun" "eval" "eval" "callCombine" "accumulate.iforeach" "accumulate" "accumulator" "doTryCatch" "tryCatchOne" "tryCatchList" "tryCatch" "e$fun" "%dopar%" "bayesian_lalonde_decision" 
"data.table::rbindlist" "fun" "eval" "eval" "callCombine" "accumulate.iforeach" "accumulate" "accumulator" "doTryCatch" "tryCatchOne" "tryCatchList" "tryCatch" "e$fun" "%dopar%" "bayesian_lalonde_decision" 
"data.table::rbindlist" "fun" "eval" "eval" "callCombine" "accumulate.iforeach" "accumulate" "accumulator" "doTryCatch" "tryCatchOne" "tryCatchList" "tryCatch" "e$fun" "%dopar%" "bayesian_lalonde_decision" 
"data.table::rbindlist" "fun" "eval" "eval" "callCombine" "accumulate.iforeach" "accumulate" "accumulator" "doTryCatch" "tryCatchOne" "tryCatchList" "tryCatch" "e$fun" "%dopar%" "bayesian_lalonde_decision" 
"data.table::rbindlist" "fun" "eval" "eval" "callCombine" "accumulate.iforeach" "accumulate" "accumulator" "doTryCatch" "tryCatchOne" "tryCatchList" "tryCatch" "e$fun" "%dopar%" "bayesian_lalonde_decision" 
"data.table::rbindlist" "fun" "eval" "eval" "callCombine" "accumulate.iforeach" "accumulate" "accumulator" "doTryCatch" "tryCatchOne" "tryCatchList" "tryCatch" "e$fun" "%dopar%" "bayesian_lalonde_decision" 
"data.table::rbindlist" "fun" "eval" "eval" "callCombine" "accumulate.iforeach" "accumulate" "accumulator" "doTryCatch" "tryCatchOne" "tryCatchList" "tryCatch" "e$fun" "%dopar%" "bayesian_lalonde_decision" 
"data.table::rbindlist" "fun" "eval" "eval" "callCombine" "accumulate.iforeach" "accumulate" "accumulator" "doTryCatch" "tryCatchOne" "tryCatchList" "tryCatch" "e$fun" "%dopar%" "bayesian_lalonde_decision" 
"data.table::rbindlist" "fun" "eval" "eval" "callCombine" "accumulate.iforeach" "accumulate" "accumulator" "doTryCatch" "tryCatchOne" "tryCatchList" "tryCatch" "e$fun" "%dopar%" "bayesian_lalonde_decision" 
"data.table::rbindlist" "fun" "eval" "eval" "callCombine" "accumulate.iforeach" "accumulate" "accumulator" "doTryCatch" "tryCatchOne" "tryCatchList" "tryCatch" "e$fun" "%dopar%" "bayesian_lalonde_decision" 
"data.table::rbindlist" "fun" "eval" "eval" "callCombine" "accumulate.iforeach" "accumulate" "accumulator" "doTryCatch" "tryCatchOne" "tryCatchList" "tryCatch" "e$fun" "%dopar%" "bayesian_lalonde_decision" 
"data.table::rbindlist" "fun" "eval" "eval" "callCombine" "accumulate.iforeach" "accumulate" "accumulator" "doTryCatch" "tryCatchOne" "tryCatchList" "tryCatch" "e$fun" "%dopar%" "bayesian_lalonde_decision" 
"data.table::rbindlist" "fun" "eval" "eval" "callCombine" "accumulate.iforeach" "accumulate" "accumulator" "doTryCatch" "tryCatchOne" "tryCatchList" "tryCatch" "e$fun" "%dopar%" "bayesian_lalonde_decision" 
"data.table::rbindlist" "fun" "eval" "eval" "callCombine" "accumulate.iforeach" "accumulate" "accumulator" "doTryCatch" "tryCatchOne" "tryCatchList" "tryCatch" "e$fun" "%dopar%" "bayesian_lalonde_decision" 
"data.table::rbindlist" "fun" "eval" "eval" "callCombine" "accumulate.iforeach" "accumulate" "accumulator" "doTryCatch" "tryCatchOne" "tryCatchList" "tryCatch" "e$fun" "%dopar%" "bayesian_lalonde_decision" 
"data.table::rbindlist" "fun" "eval" "eval" "callCombine" "accumulate.iforeach" "accumulate" "accumulator" "doTryCatch" "tryCatchOne" "tryCatchList" "tryCatch" "e$fun" "%dopar%" "bayesian_lalonde_decision" 
"data.table::rbindlist" "fun" "eval" "eval" "callCombine" "accumulate.iforeach" "accumulate" "accumulator" "doTryCatch" "tryCatchOne" "tryCatchList" "tryCatch" "e$fun" "%dopar%" "bayesian_lalonde_decision" 
"data.table::rbindlist" "fun" "eval" "eval" "callCombine" "accumulate.iforeach" "accumulate" "accumulator" "doTryCatch" "tryCatchOne" "tryCatchList" "tryCatch" "e$fun" "%dopar%" "bayesian_lalonde_decision" 
"data.table::rbindlist" "fun" "eval" "eval" "callCombine" "accumulate.iforeach" "accumulate" "accumulator" "doTryCatch" "tryCatchOne" "tryCatchList" "tryCatch" "e$fun" "%dopar%" "bayesian_lalonde_decision" 
"data.table::rbindlist" "fun" "eval" "eval" "callCombine" "accumulate.iforeach" "accumulate" "accumulator" "doTryCatch" "tryCatchOne" "tryCatchList" "tryCatch" "e$fun" "%dopar%" "bayesian_lalonde_decision" 
"data.table::rbindlist" "fun" "eval" "eval" "callCombine" "accumulate.iforeach" "accumulate" "accumulator" "doTryCatch" "tryCatchOne" "tryCatchList" "tryCatch" "e$fun" "%dopar%" "bayesian_lalonde_decision" 
"data.table::rbindlist" "fun" "eval" "eval" "callCombine" "accumulate.iforeach" "accumulate" "accumulator" "doTryCatch" "tryCatchOne" "tryCatchList" "tryCatch" "e$fun" "%dopar%" "bayesian_lalonde_decision" 
"data.table::rbindlist" "fun" "eval" "eval" "callCombine" "accumulate.iforeach" "accumulate" "accumulator" "doTryCatch" "tryCatchOne" "tryCatchList" "tryCatch" "e$fun" "%dopar%" "bayesian_lalonde_decision" 
"data.table::rbindlist" "fun" "eval" "eval" "callCombine" "accumulate.iforeach" "accumulate" "accumulator" "doTryCatch" "tryCatchOne" "tryCatchList" "tryCatch" "e$fun" "%dopar%" "bayesian_lalonde_decision" 
"data.table::rbindlist" "fun" "eval" "eval" "callCombine" "accumulate.iforeach" "accumulate" "accumulator" "doTryCatch" "tryCatchOne" "tryCatchList" "tryCatch" "e$fun" "%dopar%" "bayesian_lalonde_decision" 
"data.table::rbindlist" "fun" "eval" "eval" "callCombine" "accumulate.iforeach" "accumulate" "accumulator" "doTryCatch" "tryCatchOne" "tryCatchList" "tryCatch" "e$fun" "%dopar%" "bayesian_lalonde_decision" 
"data.table::rbindlist" "fun" "eval" "eval" "callCombine" "accumulate.iforeach" "accumulate" "accumulator" "doTryCatch" "tryCatchOne" "tryCatchList" "tryCatch" "e$fun" "%dopar%" "bayesian_lalonde_decision" 
"data.table::rbindlist" "fun" "eval" "eval" "callCombine" "accumulate.iforeach" "accumulate" "accumulator" "doTryCatch" "tryCatchOne" "tryCatchList" "tryCatch" "e$fun" "%dopar%" "bayesian_lalonde_decision" 
"data.table::rbindlist" "fun" "eval" "eval" "callCombine" "accumulate.iforeach" "accumulate" "accumulator" "doTryCatch" "tryCatchOne" "tryCatchList" "tryCatch" "e$fun" "%dopar%" "bayesian_lalonde_decision" 
"data.table::rbindlist" "fun" "eval" "eval" "callCombine" "accumulate.iforeach" "accumulate" "accumulator" "doTryCatch" "tryCatchOne" "tryCatchList" "tryCatch" "e$fun" "%dopar%" "bayesian_lalonde_decision" 
"data.table::rbindlist" "fun" "eval" "eval" "callCombine" "accumulate.iforeach" "accumulate" "accumulator" "doTryCatch" "tryCatchOne" "tryCatchList" "tryCatch" "e$fun" "%dopar%" "bayesian_lalonde_decision" 
"data.table::rbindlist" "fun" "eval" "eval" "callCombine" "accumulate.iforeach" "accumulate" "accumulator" "doTryCatch" "tryCatchOne" "tryCatchList" "tryCatch" "e$fun" "%dopar%" "bayesian_lalonde_decision" 
"data.table::rbindlist" "fun" "eval" "eval" "callCombine" "accumulate.iforeach" "accumulate" "accumulator" "doTryCatch" "tryCatchOne" "tryCatchList" "tryCatch" "e$fun" "%dopar%" "bayesian_lalonde_decision" 
"data.table::rbindlist" "fun" "eval" "eval" "callCombine" "accumulate.iforeach" "accumulate" "accumulator" "doTryCatch" "tryCatchOne" "tryCatchList" "tryCatch" "e$fun" "%dopar%" "bayesian_lalonde_decision" 
"data.table::rbindlist" "fun" "eval" "eval" "callCombine" "accumulate.iforeach" "accumulate" "accumulator" "doTryCatch" "tryCatchOne" "tryCatchList" "tryCatch" "e$fun" "%dopar%" "bayesian_lalonde_decision" 
"data.table::rbindlist" "fun" "eval" "eval" "callCombine" "accumulate.iforeach" "accumulate" "accumulator" "doTryCatch" "tryCatchOne" "tryCatchList" "tryCatch" "e$fun" "%dopar%" "bayesian_lalonde_decision" 
"data.table::rbindlist" "fun" "eval" "eval" "callCombine" "accumulate.iforeach" "accumulate" "accumulator" "doTryCatch" "tryCatchOne" "tryCatchList" "tryCatch" "e$fun" "%dopar%" "bayesian_lalonde_decision" 
"data.table::rbindlist" "fun" "eval" "eval" "callCombine" "accumulate.iforeach" "accumulate" "accumulator" "doTryCatch" "tryCatchOne" "tryCatchList" "tryCatch" "e$fun" "%dopar%" "bayesian_lalonde_decision" 
"data.table::rbindlist" "fun" "eval" "eval" "callCombine" "accumulate.iforeach" "accumulate" "accumulator" "doTryCatch" "tryCatchOne" "tryCatchList" "tryCatch" "e$fun" "%dopar%" "bayesian_lalonde_decision" 
"data.table::rbindlist" "fun" "eval" "eval" "callCombine" "accumulate.iforeach" "accumulate" "accumulator" "doTryCatch" "tryCatchOne" "tryCatchList" "tryCatch" "e$fun" "%dopar%" "bayesian_lalonde_decision" 
"data.table::rbindlist" "fun" "eval" "eval" "callCombine" "accumulate.iforeach" "accumulate" "accumulator" "doTryCatch" "tryCatchOne" "tryCatchList" "tryCatch" "e$fun" "%dopar%" "bayesian_lalonde_decision" 
"data.table::rbindlist" "fun" "eval" "eval" "callCombine" "accumulate.iforeach" "accumulate" "accumulator" "doTryCatch" "tryCatchOne" "tryCatchList" "tryCatch" "e$fun" "%dopar%" "bayesian_lalonde_decision" 
"data.table::rbindlist" "fun" "eval" "eval" "callCombine" "accumulate.iforeach" "accumulate" "accumulator" "doTryCatch" "tryCatchOne" "tryCatchList" "tryCatch" "e$fun" "%dopar%" "bayesian_lalonde_decision" 
"data.table::rbindlist" "fun" "eval" "eval" "callCombine" "accumulate.iforeach" "accumulate" "accumulator" "doTryCatch" "tryCatchOne" "tryCatchList" "tryCatch" "e$fun" "%dopar%" "bayesian_lalonde_decision" 
"data.table::rbindlist" "fun" "eval" "eval" "callCombine" "accumulate.iforeach" "accumulate" "accumulator" "doTryCatch" "tryCatchOne" "tryCatchList" "tryCatch" "e$fun" "%dopar%" "bayesian_lalonde_decision" 
"data.table::rbindlist" "fun" "eval" "eval" "callCombine" "accumulate.iforeach" "accumulate" "accumulator" "doTryCatch" "tryCatchOne" "tryCatchList" "tryCatch" "e$fun" "%dopar%" "bayesian_lalonde_decision" 
"data.table::rbindlist" "fun" "eval" "eval" "callCombine" "accumulate.iforeach" "accumulate" "accumulator" "doTryCatch" "tryCatchOne" "tryCatchList" "tryCatch" "e$fun" "%dopar%" "bayesian_lalonde_decision" 
"data.table::rbindlist" "fun" "eval" "eval" "callCombine" "accumulate.iforeach" "accumulate" "accumulator" "doTryCatch" "tryCatchOne" "tryCatchList" "tryCatch" "e$fun" "%dopar%" "bayesian_lalonde_decision" 
"data.table::rbindlist" "fun" "eval" "eval" "callCombine" "accumulate.iforeach" "accumulate" "accumulator" "doTryCatch" "tryCatchOne" "tryCatchList" "tryCatch" "e$fun" "%dopar%" "bayesian_lalonde_decision" 
"data.table::rbindlist" "fun" "eval" "eval" "callCombine" "accumulate.iforeach" "accumulate" "accumulator" "doTryCatch" "tryCatchOne" "tryCatchList" "tryCatch" "e$fun" "%dopar%" "bayesian_lalonde_decision" 
"data.table::rbindlist" "fun" "eval" "eval" "callCombine" "accumulate.iforeach" "accumulate" "accumulator" "doTryCatch" "tryCatchOne" "tryCatchList" "tryCatch" "e$fun" "%dopar%" "bayesian_lalonde_decision" 
"data.table::rbindlist" "fun" "eval" "eval" "callCombine" "accumulate.iforeach" "accumulate" "accumulator" "doTryCatch" "tryCatchOne" "tryCatchList" "tryCatch" "e$fun" "%dopar%" "bayesian_lalonde_decision" 
"data.table::rbindlist" "fun" "eval" "eval" "callCombine" "accumulate.iforeach" "accumulate" "accumulator" "doTryCatch" "tryCatchOne" "tryCatchList" "tryCatch" "e$fun" "%dopar%" "bayesian_lalonde_decision" 
"data.table::rbindlist" "fun" "eval" "eval" "callCombine" "accumulate.iforeach" "accumulate" "accumulator" "doTryCatch" "tryCatchOne" "tryCatchList" "tryCatch" "e$fun" "%dopar%" "bayesian_lalonde_decision" 
"data.table::rbindlist" "fun" "eval" "eval" "callCombine" "accumulate.iforeach" "accumulate" "accumulator" "doTryCatch" "tryCatchOne" "tryCatchList" "tryCatch" "e$fun" "%dopar%" "bayesian_lalonde_decision" 
"data.table::rbindlist" "fun" "eval" "eval" "callCombine" "accumulate.iforeach" "accumulate" "accumulator" "doTryCatch" "tryCatchOne" "tryCatchList" "tryCatch" "e$fun" "%dopar%" "bayesian_lalonde_decision" 
"data.table::rbindlist" "fun" "eval" "eval" "callCombine" "accumulate.iforeach" "accumulate" "accumulator" "doTryCatch" "tryCatchOne" "tryCatchList" "tryCatch" "e$fun" "%dopar%" "bayesian_lalonde_decision" 
"data.table::rbindlist" "fun" "eval" "eval" "callCombine" "accumulate.iforeach" "accumulate" "accumulator" "doTryCatch" "tryCatchOne" "tryCatchList" "tryCatch" "e$fun" "%dopar%" "bayesian_lalonde_decision" 
"data.table::rbindlist" "fun" "eval" "eval" "callCombine" "accumulate.iforeach" "accumulate" "accumulator" "doTryCatch" "tryCatchOne" "tryCatchList" "tryCatch" "e$fun" "%dopar%" "bayesian_lalonde_decision" 
"data.table::rbindlist" "fun" "eval" "eval" "callCombine" "accumulate.iforeach" "accumulate" "accumulator" "doTryCatch" "tryCatchOne" "tryCatchList" "tryCatch" "e$fun" "%dopar%" "bayesian_lalonde_decision" 
"data.table::rbindlist" "fun" "eval" "eval" "callCombine" "accumulate.iforeach" "accumulate" "accumulator" "doTryCatch" "tryCatchOne" "tryCatchList" "tryCatch" "e$fun" "%dopar%" "bayesian_lalonde_decision" 
"data.table::rbindlist" "fun" "eval" "eval" "callCombine" "accumulate.iforeach" "accumulate" "accumulator" "doTryCatch" "tryCatchOne" "tryCatchList" "tryCatch" "e$fun" "%dopar%" "bayesian_lalonde_decision" 
"data.table::rbindlist" "fun" "eval" "eval" "callCombine" "accumulate.iforeach" "accumulate" "accumulator" "doTryCatch" "tryCatchOne" "tryCatchList" "tryCatch" "e$fun" "%dopar%" "bayesian_lalonde_decision" 
"data.table::rbindlist" "fun" "eval" "eval" "callCombine" "accumulate.iforeach" "accumulate" "accumulator" "doTryCatch" "tryCatchOne" "tryCatchList" "tryCatch" "e$fun" "%dopar%" "bayesian_lalonde_decision" 
"data.table::rbindlist" "fun" "eval" "eval" "callCombine" "accumulate.iforeach" "accumulate" "accumulator" "doTryCatch" "tryCatchOne" "tryCatchList" "tryCatch" "e$fun" "%dopar%" "bayesian_lalonde_decision" 
"data.table::rbindlist" "fun" "eval" "eval" "callCombine" "accumulate.iforeach" "accumulate" "accumulator" "doTryCatch" "tryCatchOne" "tryCatchList" "tryCatch" "e$fun" "%dopar%" "bayesian_lalonde_decision" 
"data.table::rbindlist" "fun" "eval" "eval" "callCombine" "accumulate.iforeach" "accumulate" "accumulator" "doTryCatch" "tryCatchOne" "tryCatchList" "tryCatch" "e$fun" "%dopar%" "bayesian_lalonde_decision" 
"data.table::rbindlist" "fun" "eval" "eval" "callCombine" "accumulate.iforeach" "accumulate" "accumulator" "doTryCatch" "tryCatchOne" "tryCatchList" "tryCatch" "e$fun" "%dopar%" "bayesian_lalonde_decision" 
"data.table::rbindlist" "fun" "eval" "eval" "callCombine" "accumulate.iforeach" "accumulate" "accumulator" "doTryCatch" "tryCatchOne" "tryCatchList" "tryCatch" "e$fun" "%dopar%" "bayesian_lalonde_decision" 
"data.table::rbindlist" "fun" "eval" "eval" "callCombine" "accumulate.iforeach" "accumulate" "accumulator" "doTryCatch" "tryCatchOne" "tryCatchList" "tryCatch" "e$fun" "%dopar%" "bayesian_lalonde_decision" 
"data.table::rbindlist" "fun" "eval" "eval" "callCombine" "accumulate.iforeach" "accumulate" "accumulator" "doTryCatch" "tryCatchOne" "tryCatchList" "tryCatch" "e$fun" "%dopar%" "bayesian_lalonde_decision" 
"data.table::rbindlist" "fun" "eval" "eval" "callCombine" "accumulate.iforeach" "accumulate" "accumulator" "doTryCatch" "tryCatchOne" "tryCatchList" "tryCatch" "e$fun" "%dopar%" "bayesian_lalonde_decision" 
"data.table::rbindlist" "fun" "eval" "eval" "callCombine" "accumulate.iforeach" "accumulate" "accumulator" "doTryCatch" "tryCatchOne" "tryCatchList" "tryCatch" "e$fun" "%dopar%" "bayesian_lalonde_decision" 
"data.table::rbindlist" "fun" "eval" "eval" "callCombine" "accumulate.iforeach" "accumulate" "accumulator" "doTryCatch" "tryCatchOne" "tryCatchList" "tryCatch" "e$fun" "%dopar%" "bayesian_lalonde_decision" 
"data.table::rbindlist" "fun" "eval" "eval" "callCombine" "accumulate.iforeach" "accumulate" "accumulator" "doTryCatch" "tryCatchOne" "tryCatchList" "tryCatch" "e$fun" "%dopar%" "bayesian_lalonde_decision" 
"data.table::rbindlist" "fun" "eval" "eval" "callCombine" "accumulate.iforeach" "accumulate" "accumulator" "doTryCatch" "tryCatchOne" "tryCatchList" "tryCatch" "e$fun" "%dopar%" "bayesian_lalonde_decision" 
"data.table::rbindlist" "fun" "eval" "eval" "callCombine" "accumulate.iforeach" "accumulate" "accumulator" "doTryCatch" "tryCatchOne" "tryCatchList" "tryCatch" "e$fun" "%dopar%" "bayesian_lalonde_decision" 
"data.table::rbindlist" "fun" "eval" "eval" "callCombine" "accumulate.iforeach" "accumulate" "accumulator" "doTryCatch" "tryCatchOne" "tryCatchList" "tryCatch" "e$fun" "%dopar%" "bayesian_lalonde_decision" 
"data.table::rbindlist" "fun" "eval" "eval" "callCombine" "accumulate.iforeach" "accumulate" "accumulator" "doTryCatch" "tryCatchOne" "tryCatchList" "tryCatch" "e$fun" "%dopar%" "bayesian_lalonde_decision" 
".External" "dots_values" "int" "vctrs::vec_c" "flat_map_int" "ends_with" ".External2" "eval_tidy" "withCallingHandlers" "with_chained_errors" "eval_context" "walk_data_tree" "reduce_sels" "eval_c" "walk_data_tree" "vars_select_eval" "withCallingHandlers" "with_subscript_errors" "eval_select_impl" "tidyselect::eval_select" "select.data.frame" "select" ".External2" "%>%" "bayesian_lalonde_decision" 
